epoch: 0, lr: 0.00095, loss: 1.848
8.1535308
              precision    recall  f1-score   support

       awake   0.280000  0.933333  0.430769        30
      diaper   1.000000  0.173913  0.296296        23
         hug   0.473684  0.281250  0.352941        32
      hungry   0.000000  0.000000  0.000000        38

    accuracy                       0.333333       123
   macro avg   0.438421  0.347124  0.270002       123
weighted avg   0.378519  0.333333  0.252293       123

[[28  0  2  0]
 [18  4  1  0]
 [23  0  9  0]
 [31  0  7  0]]
The best result ----------
WA: 33.3333%, UA: 34.7124%, macro f1: 27.0002%, weighted f1: 25.2293%
--------------------------
epoch: 1, lr: 0.0009025, loss: 1.402
13.550694100000001
              precision    recall  f1-score   support

       awake   0.348837  1.000000  0.517241        30
      diaper   0.692308  0.391304  0.500000        23
         hug   0.538462  0.218750  0.311111        32
      hungry   0.636364  0.184211  0.285714        38

    accuracy                       0.430894       123
   macro avg   0.553993  0.448566  0.403517       123
weighted avg   0.551226  0.430894  0.388861       123

[[30  0  0  0]
 [13  9  0  1]
 [20  2  7  3]
 [23  2  6  7]]
The best result ----------
WA: 43.0894%, UA: 44.8566%, macro f1: 40.3517%, weighted f1: 38.8861%
--------------------------
epoch: 2, lr: 0.0008574, loss: 1.271
18.9235773
              precision    recall  f1-score   support

       awake   0.500000  0.333333  0.400000        30
      diaper   0.392157  0.869565  0.540541        23
         hug   0.473684  0.562500  0.514286        32
      hungry   0.500000  0.184211  0.269231        38

    accuracy                       0.447154       123
   macro avg   0.466460  0.487402  0.431014       123
weighted avg   0.472988  0.447154  0.415613       123

[[10 10  7  3]
 [ 3 20  0  0]
 [ 4  6 18  4]
 [ 3 15 13  7]]
The best result ----------
WA: 44.7154%, UA: 48.7402%, macro f1: 43.1014%, weighted f1: 41.5613%
--------------------------
epoch: 3, lr: 0.0008145, loss: 1.232
24.283840100000003
              precision    recall  f1-score   support

       awake   1.000000  0.166667  0.285714        30
      diaper   0.812500  0.565217  0.666667        23
         hug   0.395062  1.000000  0.566372        32
      hungry   0.571429  0.315789  0.406780        38

    accuracy                       0.504065       123
   macro avg   0.694748  0.511918  0.481383       123
weighted avg   0.675153  0.504065  0.467368       123

[[ 5  2 19  4]
 [ 0 13  5  5]
 [ 0  0 32  0]
 [ 0  1 25 12]]
The best result ----------
WA: 50.4065%, UA: 51.1918%, macro f1: 48.1383%, weighted f1: 46.7368%
--------------------------
epoch: 4, lr: 0.0007738, loss: 1.177
29.7243309
              precision    recall  f1-score   support

       awake   1.000000  0.166667  0.285714        30
      diaper   0.500000  0.826087  0.622951        23
         hug   0.500000  0.906250  0.644444        32
      hungry   0.636364  0.368421  0.466667        38

    accuracy                       0.544715       123
   macro avg   0.659091  0.566856  0.504944       123
weighted avg   0.664080  0.544715  0.498007       123

[[ 5  8 12  5]
 [ 0 19  1  3]
 [ 0  3 29  0]
 [ 0  8 16 14]]
The best result ----------
WA: 54.4715%, UA: 56.6856%, macro f1: 50.4944%, weighted f1: 49.8007%
--------------------------
epoch: 5, lr: 0.0007351, loss: 1.135
35.0935867
              precision    recall  f1-score   support

       awake   0.347826  0.800000  0.484848        30
      diaper   1.000000  0.347826  0.516129        23
         hug   0.833333  0.156250  0.263158        32
      hungry   0.575000  0.605263  0.589744        38

    accuracy                       0.487805       123
   macro avg   0.689040  0.477335  0.463470       123
weighted avg   0.666272  0.487805  0.465429       123

[[24  0  0  6]
 [11  8  1  3]
 [19  0  5  8]
 [15  0  0 23]]
The best result ----------
WA: 54.4715%, UA: 56.6856%, macro f1: 50.4944%, weighted f1: 49.8007%
--------------------------
epoch: 6, lr: 0.0006983, loss: 1.062
40.4580507
              precision    recall  f1-score   support

       awake   0.555556  0.666667  0.606061        30
      diaper   0.727273  0.695652  0.711111        23
         hug   0.553191  0.812500  0.658228        32
      hungry   0.666667  0.315789  0.428571        38

    accuracy                       0.601626       123
   macro avg   0.625672  0.622652  0.600993       123
weighted avg   0.621377  0.601626  0.584442       123

[[20  3  4  3]
 [ 2 16  2  3]
 [ 6  0 26  0]
 [ 8  3 15 12]]
The best result ----------
WA: 60.1626%, UA: 62.2652%, macro f1: 60.0993%, weighted f1: 58.4442%
--------------------------
epoch: 7, lr: 0.0006634, loss: 1.007
45.8111744
              precision    recall  f1-score   support

       awake   0.402985  0.900000  0.556701        30
      diaper   0.900000  0.391304  0.545455        23
         hug   0.894737  0.531250  0.666667        32
      hungry   0.740741  0.526316  0.615385        38

    accuracy                       0.593496       123
   macro avg   0.734616  0.587218  0.596052       123
weighted avg   0.728206  0.593496  0.601337       123

[[27  1  0  2]
 [11  9  0  3]
 [13  0 17  2]
 [16  0  2 20]]
The best result ----------
WA: 60.1626%, UA: 62.2652%, macro f1: 60.0993%, weighted f1: 58.4442%
--------------------------
epoch: 8, lr: 0.0006302, loss: 0.9997
51.1602157
              precision    recall  f1-score   support

       awake   0.666667  0.200000  0.307692        30
      diaper   0.517241  0.652174  0.576923        23
         hug   0.400000  0.937500  0.560748        32
      hungry   0.800000  0.210526  0.333333        38

    accuracy                       0.479675       123
   macro avg   0.595977  0.500050  0.444674       123
weighted avg   0.610541  0.479675  0.431793       123

[[ 6  5 17  2]
 [ 2 15  6  0]
 [ 0  2 30  0]
 [ 1  7 22  8]]
The best result ----------
WA: 60.1626%, UA: 62.2652%, macro f1: 60.0993%, weighted f1: 58.4442%
--------------------------
epoch: 9, lr: 0.0005987, loss: 0.9544
56.53653770000001
              precision    recall  f1-score   support

       awake   0.655172  0.633333  0.644068        30
      diaper   0.708333  0.739130  0.723404        23
         hug   0.684211  0.812500  0.742857        32
      hungry   0.781250  0.657895  0.714286        38

    accuracy                       0.707317       123
   macro avg   0.707242  0.710715  0.706154       123
weighted avg   0.711619  0.707317  0.706298       123

[[19  3  4  4]
 [ 3 17  1  2]
 [ 4  1 26  1]
 [ 3  3  7 25]]
The best result ----------
WA: 70.7317%, UA: 71.0715%, macro f1: 70.6154%, weighted f1: 70.6298%
--------------------------
epoch: 10, lr: 0.0005688, loss: 0.9266
63.37464630000001
              precision    recall  f1-score   support

       awake   0.534884  0.766667  0.630137        30
      diaper   1.000000  0.434783  0.606061        23
         hug   0.489362  0.718750  0.582278        32
      hungry   0.826087  0.500000  0.622951        38

    accuracy                       0.609756       123
   macro avg   0.712583  0.605050  0.610357       123
weighted avg   0.699979  0.609756  0.610964       123

[[23  0  7  0]
 [ 7 10  4  2]
 [ 7  0 23  2]
 [ 6  0 13 19]]
The best result ----------
WA: 70.7317%, UA: 71.0715%, macro f1: 70.6154%, weighted f1: 70.6298%
--------------------------
epoch: 11, lr: 0.0005404, loss: 0.8692
73.9285428
              precision    recall  f1-score   support

       awake   0.818182  0.300000  0.439024        30
      diaper   0.666667  0.608696  0.636364        23
         hug   0.500000  0.968750  0.659574        32
      hungry   0.793103  0.605263  0.686567        38

    accuracy                       0.626016       123
   macro avg   0.694488  0.620677  0.605382       123
weighted avg   0.699323  0.626016  0.609781       123

[[ 9  5 11  5]
 [ 2 14  6  1]
 [ 0  1 31  0]
 [ 0  1 14 23]]
The best result ----------
WA: 70.7317%, UA: 71.0715%, macro f1: 70.6154%, weighted f1: 70.6298%
--------------------------
epoch: 12, lr: 0.0005133, loss: 0.8544
84.1938196
              precision    recall  f1-score   support

       awake   0.722222  0.433333  0.541667        30
      diaper   0.513514  0.826087  0.633333        23
         hug   0.657895  0.781250  0.714286        32
      hungry   0.733333  0.578947  0.647059        38

    accuracy                       0.642276       123
   macro avg   0.656741  0.654904  0.634086       123
weighted avg   0.669892  0.642276  0.636277       123

[[13  9  2  6]
 [ 1 19  3  0]
 [ 2  3 25  2]
 [ 2  6  8 22]]
The best result ----------
WA: 70.7317%, UA: 71.0715%, macro f1: 70.6154%, weighted f1: 70.6298%
--------------------------
epoch: 13, lr: 0.0004877, loss: 0.8005
94.721632
              precision    recall  f1-score   support

       awake   0.469388  0.766667  0.582278        30
      diaper   0.629630  0.739130  0.680000        23
         hug   0.894737  0.531250  0.666667        32
      hungry   0.821429  0.605263  0.696970        38

    accuracy                       0.650407       123
   macro avg   0.703796  0.660578  0.656479       123
weighted avg   0.718772  0.650407  0.657939       123

[[23  5  0  2]
 [ 5 17  0  1]
 [10  3 17  2]
 [11  2  2 23]]
The best result ----------
WA: 70.7317%, UA: 71.0715%, macro f1: 70.6154%, weighted f1: 70.6298%
--------------------------
epoch: 14, lr: 0.0004633, loss: 0.833
105.2313774
              precision    recall  f1-score   support

       awake   0.590909  0.433333  0.500000        30
      diaper   0.531250  0.739130  0.618182        23
         hug   0.571429  0.750000  0.648649        32
      hungry   0.777778  0.552632  0.646154        38

    accuracy                       0.609756       123
   macro avg   0.617841  0.618774  0.603246       123
weighted avg   0.632417  0.609756  0.605925       123

[[13  7  5  5]
 [ 4 17  2  0]
 [ 4  3 24  1]
 [ 1  5 11 21]]
The best result ----------
WA: 70.7317%, UA: 71.0715%, macro f1: 70.6154%, weighted f1: 70.6298%
--------------------------
epoch: 15, lr: 0.0004401, loss: 0.7908
111.0701989
              precision    recall  f1-score   support

       awake   0.397260  0.966667  0.563107        30
      diaper   0.750000  0.652174  0.697674        23
         hug   0.850000  0.531250  0.653846        32
      hungry   1.000000  0.263158  0.416667        38

    accuracy                       0.577236       123
   macro avg   0.749315  0.603312  0.582824       123
weighted avg   0.767218  0.577236  0.566635       123

[[29  1  0  0]
 [ 8 15  0  0]
 [13  2 17  0]
 [23  2  3 10]]
The best result ----------
WA: 70.7317%, UA: 71.0715%, macro f1: 70.6154%, weighted f1: 70.6298%
--------------------------
epoch: 16, lr: 0.0004181, loss: 0.7559
116.83427830000001
              precision    recall  f1-score   support

       awake   0.575758  0.633333  0.603175        30
      diaper   0.800000  0.521739  0.631579        23
         hug   0.952381  0.625000  0.754717        32
      hungry   0.648148  0.921053  0.760870        38

    accuracy                       0.699187       123
   macro avg   0.744072  0.675281  0.687585       123
weighted avg   0.738037  0.699187  0.696630       123

[[19  2  0  9]
 [ 5 12  0  6]
 [ 7  1 20  4]
 [ 2  0  1 35]]
The best result ----------
WA: 70.7317%, UA: 71.0715%, macro f1: 70.6154%, weighted f1: 70.6298%
--------------------------
epoch: 17, lr: 0.0003972, loss: 0.746
122.392759
              precision    recall  f1-score   support

       awake   0.772727  0.566667  0.653846        30
      diaper   0.739130  0.739130  0.739130        23
         hug   0.543860  0.968750  0.696629        32
      hungry   0.952381  0.526316  0.677966        38

    accuracy                       0.691057       123
   macro avg   0.752025  0.700216  0.691893       123
weighted avg   0.762405  0.691057  0.688376       123

[[17  4  8  1]
 [ 2 17  4  0]
 [ 1  0 31  0]
 [ 2  2 14 20]]
The best result ----------
WA: 70.7317%, UA: 71.0715%, macro f1: 70.6154%, weighted f1: 70.6298%
--------------------------
epoch: 18, lr: 0.0003774, loss: 0.7239
128.0732719
              precision    recall  f1-score   support

       awake   0.677419  0.700000  0.688525        30
      diaper   0.875000  0.608696  0.717949        23
         hug   0.642857  0.843750  0.729730        32
      hungry   0.794118  0.710526  0.750000        38

    accuracy                       0.723577       123
   macro avg   0.747349  0.715743  0.721551       123
weighted avg   0.741427  0.723577  0.723739       123

[[21  1  3  5]
 [ 4 14  4  1]
 [ 4  0 27  1]
 [ 2  1  8 27]]
The best result ----------
WA: 72.3577%, UA: 71.5743%, macro f1: 72.1551%, weighted f1: 72.3739%
--------------------------
epoch: 19, lr: 0.0003585, loss: 0.6851
133.66453600000003
              precision    recall  f1-score   support

       awake   0.500000  0.833333  0.625000        30
      diaper   1.000000  0.565217  0.722222        23
         hug   0.666667  0.687500  0.676923        32
      hungry   0.777778  0.552632  0.646154        38

    accuracy                       0.658537       123
   macro avg   0.736111  0.659671  0.667575       123
weighted avg   0.722674  0.658537  0.663224       123

[[25  0  2  3]
 [ 7 13  1  2]
 [ 9  0 22  1]
 [ 9  0  8 21]]
The best result ----------
WA: 72.3577%, UA: 71.5743%, macro f1: 72.1551%, weighted f1: 72.3739%
--------------------------
epoch: 20, lr: 0.0003406, loss: 0.724
139.22391330000002
              precision    recall  f1-score   support

       awake   0.750000  0.300000  0.428571        30
      diaper   0.608696  0.608696  0.608696        23
         hug   0.821429  0.718750  0.766667        32
      hungry   0.566667  0.894737  0.693878        38

    accuracy                       0.650407       123
   macro avg   0.686698  0.630546  0.624453       123
weighted avg   0.685521  0.650407  0.632177       123

[[ 9  6  0 15]
 [ 0 14  2  7]
 [ 3  2 23  4]
 [ 0  1  3 34]]
The best result ----------
WA: 72.3577%, UA: 71.5743%, macro f1: 72.1551%, weighted f1: 72.3739%
--------------------------
epoch: 21, lr: 0.0003235, loss: 0.673
144.90917090000002
              precision    recall  f1-score   support

       awake   0.666667  0.866667  0.753623        30
      diaper   0.888889  0.695652  0.780488        23
         hug   0.657895  0.781250  0.714286        32
      hungry   0.857143  0.631579  0.727273        38

    accuracy                       0.739837       123
   macro avg   0.767648  0.743787  0.743917       123
weighted avg   0.764785  0.739837  0.740272       123

[[26  0  2  2]
 [ 3 16  3  1]
 [ 5  1 25  1]
 [ 5  1  8 24]]
The best result ----------
WA: 73.9837%, UA: 74.3787%, macro f1: 74.3917%, weighted f1: 74.0272%
--------------------------
epoch: 22, lr: 0.0003074, loss: 0.6761
150.39787130000002
              precision    recall  f1-score   support

       awake   0.653846  0.566667  0.607143        30
      diaper   0.640000  0.695652  0.666667        23
         hug   0.774194  0.750000  0.761905        32
      hungry   0.731707  0.789474  0.759494        38

    accuracy                       0.707317       123
   macro avg   0.699937  0.700448  0.698802       123
weighted avg   0.706622  0.707317  0.705604       123

[[17  6  0  7]
 [ 3 16  1  3]
 [ 6  1 24  1]
 [ 0  2  6 30]]
The best result ----------
WA: 73.9837%, UA: 74.3787%, macro f1: 74.3917%, weighted f1: 74.0272%
--------------------------
epoch: 23, lr: 0.000292, loss: 0.6765
155.90138500000003
              precision    recall  f1-score   support

       awake   0.736842  0.466667  0.571429        30
      diaper   0.740741  0.869565  0.800000        23
         hug   0.675000  0.843750  0.750000        32
      hungry   0.810811  0.789474  0.800000        38

    accuracy                       0.739837       123
   macro avg   0.740848  0.742364  0.730357       123
weighted avg   0.744334  0.739837  0.731243       123

[[14  5  5  6]
 [ 2 20  1  0]
 [ 3  1 27  1]
 [ 0  1  7 30]]
The best result ----------
WA: 73.9837%, UA: 74.3787%, macro f1: 74.3917%, weighted f1: 74.0272%
--------------------------
epoch: 24, lr: 0.0002774, loss: 0.6047
161.46639440000004
              precision    recall  f1-score   support

       awake   0.615385  0.800000  0.695652        30
      diaper   0.823529  0.608696  0.700000        23
         hug   0.600000  0.843750  0.701299        32
      hungry   0.909091  0.526316  0.666667        38

    accuracy                       0.691057       123
   macro avg   0.737001  0.694690  0.690904       123
weighted avg   0.741042  0.691057  0.688979       123

[[24  1  4  1]
 [ 6 14  2  1]
 [ 4  1 27  0]
 [ 5  1 12 20]]
The best result ----------
WA: 73.9837%, UA: 74.3787%, macro f1: 74.3917%, weighted f1: 74.0272%
--------------------------
epoch: 25, lr: 0.0002635, loss: 0.6481
166.93858170000004
              precision    recall  f1-score   support

       awake   0.620690  0.600000  0.610169        30
      diaper   0.692308  0.782609  0.734694        23
         hug   0.884615  0.718750  0.793103        32
      hungry   0.785714  0.868421  0.825000        38

    accuracy                       0.747967       123
   macro avg   0.745832  0.742445  0.740742       123
weighted avg   0.753728  0.747967  0.747418       123

[[18  4  0  8]
 [ 4 18  1  0]
 [ 7  1 23  1]
 [ 0  3  2 33]]
The best result ----------
WA: 74.7967%, UA: 74.2445%, macro f1: 74.0742%, weighted f1: 74.7418%
--------------------------
epoch: 26, lr: 0.0002503, loss: 0.6679
172.43654650000005
              precision    recall  f1-score   support

       awake   0.695652  0.533333  0.603774        30
      diaper   0.739130  0.739130  0.739130        23
         hug   0.666667  0.812500  0.732394        32
      hungry   0.710526  0.710526  0.710526        38

    accuracy                       0.699187       123
   macro avg   0.702994  0.698873  0.696456       123
weighted avg   0.700837  0.699187  0.695527       123

[[16  5  1  8]
 [ 1 17  3  2]
 [ 5  0 26  1]
 [ 1  1  9 27]]
The best result ----------
WA: 74.7967%, UA: 74.2445%, macro f1: 74.0742%, weighted f1: 74.7418%
--------------------------
epoch: 27, lr: 0.0002378, loss: 0.5935
178.02591370000005
              precision    recall  f1-score   support

       awake   0.538462  0.933333  0.682927        30
      diaper   0.789474  0.652174  0.714286        23
         hug   0.785714  0.687500  0.733333        32
      hungry   0.916667  0.578947  0.709677        38

    accuracy                       0.707317       123
   macro avg   0.757579  0.712989  0.710056       123
weighted avg   0.766569  0.707317  0.710169       123

[[28  2  0  0]
 [ 6 15  1  1]
 [ 9  0 22  1]
 [ 9  2  5 22]]
The best result ----------
WA: 74.7967%, UA: 74.2445%, macro f1: 74.0742%, weighted f1: 74.7418%
--------------------------
epoch: 28, lr: 0.0002259, loss: 0.5953
183.52898660000005
              precision    recall  f1-score   support

       awake   0.703704  0.633333  0.666667        30
      diaper   0.789474  0.652174  0.714286        23
         hug   0.833333  0.781250  0.806452        32
      hungry   0.680851  0.842105  0.752941        38

    accuracy                       0.739837       123
   macro avg   0.751840  0.727216  0.735086       123
weighted avg   0.746407  0.739837  0.738592       123

[[19  2  0  9]
 [ 3 15  0  5]
 [ 5  1 25  1]
 [ 0  1  5 32]]
The best result ----------
WA: 74.7967%, UA: 74.2445%, macro f1: 74.0742%, weighted f1: 74.7418%
--------------------------
epoch: 29, lr: 0.0002146, loss: 0.5931
189.08147180000006
              precision    recall  f1-score   support

       awake   0.666667  0.533333  0.592593        30
      diaper   0.678571  0.826087  0.745098        23
         hug   0.913043  0.656250  0.763636        32
      hungry   0.729167  0.921053  0.813953        38

    accuracy                       0.739837       123
   macro avg   0.746862  0.734181  0.728820       123
weighted avg   0.752300  0.739837  0.733997       123

[[16  5  0  9]
 [ 2 19  1  1]
 [ 6  2 21  3]
 [ 0  2  1 35]]
The best result ----------
WA: 74.7967%, UA: 74.2445%, macro f1: 74.0742%, weighted f1: 74.7418%
--------------------------
epoch: 30, lr: 0.0002039, loss: 0.5767
194.64010530000004
              precision    recall  f1-score   support

       awake   0.562500  0.600000  0.580645        30
      diaper   0.708333  0.739130  0.723404        23
         hug   0.880000  0.687500  0.771930        32
      hungry   0.761905  0.842105  0.800000        38

    accuracy                       0.723577       123
   macro avg   0.728185  0.717184  0.718995       123
weighted avg   0.733976  0.723577  0.724873       123

[[18  5  0  7]
 [ 5 17  0  1]
 [ 7  1 22  2]
 [ 2  1  3 32]]
The best result ----------
WA: 74.7967%, UA: 74.2445%, macro f1: 74.0742%, weighted f1: 74.7418%
--------------------------
epoch: 31, lr: 0.0001937, loss: 0.5915
200.10392080000003
              precision    recall  f1-score   support

       awake   0.600000  0.900000  0.720000        30
      diaper   0.916667  0.478261  0.628571        23
         hug   0.590909  0.812500  0.684211        32
      hungry   1.000000  0.578947  0.733333        38

    accuracy                       0.699187       123
   macro avg   0.776894  0.692427  0.691529       123
weighted avg   0.780426  0.699187  0.697712       123

[[27  1  2  0]
 [ 7 11  5  0]
 [ 6  0 26  0]
 [ 5  0 11 22]]
The best result ----------
WA: 74.7967%, UA: 74.2445%, macro f1: 74.0742%, weighted f1: 74.7418%
--------------------------
epoch: 32, lr: 0.000184, loss: 0.6091
205.59360990000002
              precision    recall  f1-score   support

       awake   0.708333  0.566667  0.629630        30
      diaper   0.888889  0.695652  0.780488        23
         hug   0.549020  0.875000  0.674699        32
      hungry   0.833333  0.657895  0.735294        38

    accuracy                       0.699187       123
   macro avg   0.744894  0.698803  0.705028       123
weighted avg   0.739266  0.699187  0.702209       123

[[17  1  7  5]
 [ 3 16  4  0]
 [ 4  0 28  0]
 [ 0  1 12 25]]
The best result ----------
WA: 74.7967%, UA: 74.2445%, macro f1: 74.0742%, weighted f1: 74.7418%
--------------------------
epoch: 33, lr: 0.0001748, loss: 0.5625
211.0847377
              precision    recall  f1-score   support

       awake   0.760000  0.633333  0.690909        30
      diaper   0.842105  0.695652  0.761905        23
         hug   0.580000  0.906250  0.707317        32
      hungry   0.896552  0.684211  0.776119        38

    accuracy                       0.731707       123
   macro avg   0.769664  0.729862  0.734063       123
weighted avg   0.770710  0.731707  0.734779       123

[[19  1  7  3]
 [ 3 16  4  0]
 [ 3  0 29  0]
 [ 0  2 10 26]]
The best result ----------
WA: 74.7967%, UA: 74.2445%, macro f1: 74.0742%, weighted f1: 74.7418%
--------------------------
epoch: 34, lr: 0.0001661, loss: 0.6271
216.783813
              precision    recall  f1-score   support

       awake   0.627907  0.900000  0.739726        30
      diaper   0.928571  0.565217  0.702703        23
         hug   0.658537  0.843750  0.739726        32
      hungry   0.880000  0.578947  0.698413        38

    accuracy                       0.723577       123
   macro avg   0.773754  0.721979  0.720142       123
weighted avg   0.769980  0.723577  0.720039       123

[[27  0  2  1]
 [ 6 13  2  2]
 [ 5  0 27  0]
 [ 5  1 10 22]]
The best result ----------
WA: 74.7967%, UA: 74.2445%, macro f1: 74.0742%, weighted f1: 74.7418%
--------------------------
epoch: 35, lr: 0.0001578, loss: 0.5874
222.5677259
              precision    recall  f1-score   support

       awake   0.647059  0.733333  0.687500        30
      diaper   0.846154  0.478261  0.611111        23
         hug   0.787879  0.812500  0.800000        32
      hungry   0.720930  0.815789  0.765432        38

    accuracy                       0.731707       123
   macro avg   0.750505  0.709971  0.716011       123
weighted avg   0.743746  0.731707  0.726561       123

[[22  1  0  7]
 [ 6 11  2  4]
 [ 5  0 26  1]
 [ 1  1  5 31]]
The best result ----------
WA: 74.7967%, UA: 74.2445%, macro f1: 74.0742%, weighted f1: 74.7418%
--------------------------
epoch: 36, lr: 0.0001499, loss: 0.5884
228.30992799999999
              precision    recall  f1-score   support

       awake   0.620690  0.600000  0.610169        30
      diaper   0.708333  0.739130  0.723404        23
         hug   0.727273  0.750000  0.738462        32
      hungry   0.783784  0.763158  0.773333        38

    accuracy                       0.715447       123
   macro avg   0.710020  0.713072  0.711342       123
weighted avg   0.715194  0.715447  0.715129       123

[[18  4  1  7]
 [ 5 17  1  0]
 [ 6  1 24  1]
 [ 0  2  7 29]]
The best result ----------
WA: 74.7967%, UA: 74.2445%, macro f1: 74.0742%, weighted f1: 74.7418%
--------------------------
epoch: 37, lr: 0.0001424, loss: 0.5483
233.88501240000002
              precision    recall  f1-score   support

       awake   0.928571  0.433333  0.590909        30
      diaper   0.750000  0.782609  0.765957        23
         hug   0.607843  0.968750  0.746988        32
      hungry   0.764706  0.684211  0.722222        38

    accuracy                       0.715447       123
   macro avg   0.762780  0.717226  0.706519       123
weighted avg   0.761113  0.715447  0.704816       123

[[13  4  7  6]
 [ 0 18  3  2]
 [ 1  0 31  0]
 [ 0  2 10 26]]
The best result ----------
WA: 74.7967%, UA: 74.2445%, macro f1: 74.0742%, weighted f1: 74.7418%
--------------------------
epoch: 38, lr: 0.0001353, loss: 0.5548
240.14349010000004
              precision    recall  f1-score   support

       awake   0.888889  0.533333  0.666667        30
      diaper   0.714286  0.869565  0.784314        23
         hug   0.595745  0.875000  0.708861        32
      hungry   0.800000  0.631579  0.705882        38

    accuracy                       0.715447       123
   macro avg   0.749730  0.727369  0.716431       123
weighted avg   0.752513  0.715447  0.711758       123

[[16  5  4  5]
 [ 0 20  3  0]
 [ 2  1 28  1]
 [ 0  2 12 24]]
The best result ----------
WA: 74.7967%, UA: 74.2445%, macro f1: 74.0742%, weighted f1: 74.7418%
--------------------------
epoch: 39, lr: 0.0001285, loss: 0.5947
250.38234930000002
              precision    recall  f1-score   support

       awake   0.666667  0.866667  0.753623        30
      diaper   0.888889  0.695652  0.780488        23
         hug   0.702703  0.812500  0.753623        32
      hungry   0.896552  0.684211  0.776119        38

    accuracy                       0.764228       123
   macro avg   0.788702  0.764757  0.765963       123
weighted avg   0.788617  0.764228  0.765597       123

[[26  1  1  2]
 [ 5 16  2  0]
 [ 5  0 26  1]
 [ 3  1  8 26]]
The best result ----------
WA: 76.4228%, UA: 76.4757%, macro f1: 76.5963%, weighted f1: 76.5597%
--------------------------
epoch: 40, lr: 0.0001221, loss: 0.5938
260.69267560000003
              precision    recall  f1-score   support

       awake   0.735294  0.833333  0.781250        30
      diaper   0.894737  0.739130  0.809524        23
         hug   0.627907  0.843750  0.720000        32
      hungry   0.925926  0.657895  0.769231        38

    accuracy                       0.764228       123
   macro avg   0.795966  0.768527  0.770001       123
weighted avg   0.796065  0.764228  0.766889       123

[[25  1  2  2]
 [ 3 17  3  0]
 [ 5  0 27  0]
 [ 1  1 11 25]]
The best result ----------
WA: 76.4228%, UA: 76.8527%, macro f1: 77.0001%, weighted f1: 76.6889%
--------------------------
epoch: 41, lr: 0.000116, loss: 0.6198
270.94049090000004
              precision    recall  f1-score   support

       awake   0.631579  0.800000  0.705882        30
      diaper   0.842105  0.695652  0.761905        23
         hug   0.604651  0.812500  0.693333        32
      hungry   0.956522  0.578947  0.721311        38

    accuracy                       0.715447       123
   macro avg   0.758714  0.721775  0.720608       123
weighted avg   0.764329  0.715447  0.717860       123

[[24  2  3  1]
 [ 4 16  3  0]
 [ 6  0 26  0]
 [ 4  1 11 22]]
The best result ----------
WA: 76.4228%, UA: 76.8527%, macro f1: 77.0001%, weighted f1: 76.6889%
--------------------------
epoch: 42, lr: 0.0001102, loss: 0.6034
281.1249425000001
              precision    recall  f1-score   support

       awake   0.666667  0.600000  0.631579        30
      diaper   0.882353  0.652174  0.750000        23
         hug   0.884615  0.718750  0.793103        32
      hungry   0.660377  0.921053  0.769231        38

    accuracy                       0.739837       123
   macro avg   0.773503  0.722994  0.735978       123
weighted avg   0.761757  0.739837  0.738272       123

[[18  1  0 11]
 [ 3 15  1  4]
 [ 6  0 23  3]
 [ 0  1  2 35]]
The best result ----------
WA: 76.4228%, UA: 76.8527%, macro f1: 77.0001%, weighted f1: 76.6889%
--------------------------
epoch: 43, lr: 0.0001047, loss: 0.5461
291.2817166000001
              precision    recall  f1-score   support

       awake   0.619048  0.866667  0.722222        30
      diaper   0.720000  0.782609  0.750000        23
         hug   0.658537  0.843750  0.739726        32
      hungry   1.000000  0.394737  0.566038        38

    accuracy                       0.699187       123
   macro avg   0.749396  0.721941  0.694496       123
weighted avg   0.765891  0.699187  0.683718       123

[[26  2  2  0]
 [ 3 18  2  0]
 [ 4  1 27  0]
 [ 9  4 10 15]]
The best result ----------
WA: 76.4228%, UA: 76.8527%, macro f1: 77.0001%, weighted f1: 76.6889%
--------------------------
epoch: 44, lr: 9.944e-05, loss: 0.5922
301.6554609000001
              precision    recall  f1-score   support

       awake   0.634146  0.866667  0.732394        30
      diaper   0.882353  0.652174  0.750000        23
         hug   0.714286  0.781250  0.746269        32
      hungry   0.900000  0.710526  0.794118        38

    accuracy                       0.756098       123
   macro avg   0.782696  0.752654  0.755695       123
weighted avg   0.783542  0.756098  0.758365       123

[[26  1  1  2]
 [ 6 15  2  0]
 [ 6  0 25  1]
 [ 3  1  7 27]]
The best result ----------
WA: 76.4228%, UA: 76.8527%, macro f1: 77.0001%, weighted f1: 76.6889%
--------------------------
epoch: 45, lr: 9.447e-05, loss: 0.5328
312.14479740000013
              precision    recall  f1-score   support

       awake   0.695652  0.533333  0.603774        30
      diaper   0.823529  0.608696  0.700000        23
         hug   0.460317  0.906250  0.610526        32
      hungry   0.900000  0.473684  0.620690        38

    accuracy                       0.626016       123
   macro avg   0.719875  0.630491  0.633747       123
weighted avg   0.721471  0.626016  0.628750       123

[[16  2 11  1]
 [ 3 14  5  1]
 [ 3  0 29  0]
 [ 1  1 18 18]]
The best result ----------
WA: 76.4228%, UA: 76.8527%, macro f1: 77.0001%, weighted f1: 76.6889%
--------------------------
epoch: 46, lr: 8.974e-05, loss: 0.551
322.66687840000014
              precision    recall  f1-score   support

       awake   0.600000  0.800000  0.685714        30
      diaper   0.842105  0.695652  0.761905        23
         hug   0.622222  0.875000  0.727273        32
      hungry   1.000000  0.500000  0.666667        38

    accuracy                       0.707317       123
   macro avg   0.766082  0.717663  0.710390       123
weighted avg   0.774630  0.707317  0.704889       123

[[24  2  4  0]
 [ 5 16  2  0]
 [ 4  0 28  0]
 [ 7  1 11 19]]
The best result ----------
WA: 76.4228%, UA: 76.8527%, macro f1: 77.0001%, weighted f1: 76.6889%
--------------------------
epoch: 47, lr: 8.526e-05, loss: 0.5643
333.05942270000014
              precision    recall  f1-score   support

       awake   0.675676  0.833333  0.746269        30
      diaper   0.809524  0.739130  0.772727        23
         hug   0.642857  0.843750  0.729730        32
      hungry   1.000000  0.605263  0.754098        38

    accuracy                       0.747967       123
   macro avg   0.782014  0.755369  0.750706       123
weighted avg   0.792364  0.747967  0.749332       123

[[25  2  3  0]
 [ 3 17  3  0]
 [ 5  0 27  0]
 [ 4  2  9 23]]
The best result ----------
WA: 76.4228%, UA: 76.8527%, macro f1: 77.0001%, weighted f1: 76.6889%
--------------------------
epoch: 48, lr: 8.099e-05, loss: 0.5829
343.64790820000013
              precision    recall  f1-score   support

       awake   0.619048  0.866667  0.722222        30
      diaper   0.850000  0.739130  0.790698        23
         hug   0.735294  0.781250  0.757576        32
      hungry   0.925926  0.657895  0.769231        38

    accuracy                       0.756098       123
   macro avg   0.782567  0.761235  0.759932       123
weighted avg   0.787285  0.756098  0.758747       123

[[26  2  1  1]
 [ 5 17  1  0]
 [ 6  0 25  1]
 [ 5  1  7 25]]
The best result ----------
WA: 76.4228%, UA: 76.8527%, macro f1: 77.0001%, weighted f1: 76.6889%
--------------------------
epoch: 49, lr: 7.694e-05, loss: 0.562
353.9017412000002
              precision    recall  f1-score   support

       awake   0.777778  0.700000  0.736842        30
      diaper   0.818182  0.782609  0.800000        23
         hug   0.595745  0.875000  0.708861        32
      hungry   0.888889  0.631579  0.738462        38

    accuracy                       0.739837       123
   macro avg   0.770148  0.747297  0.746041       123
weighted avg   0.772302  0.739837  0.741873       123

[[21  2  4  3]
 [ 2 18  3  0]
 [ 4  0 28  0]
 [ 0  2 12 24]]
The best result ----------
WA: 76.4228%, UA: 76.8527%, macro f1: 77.0001%, weighted f1: 76.6889%
--------------------------
