epoch: 0, lr: 0.00095, loss: 1.495
6.5442561
              precision    recall  f1-score   support

       awake   0.451613  0.466667  0.459016        30
      diaper   0.483871  0.652174  0.555556        23
         hug   0.489362  0.718750  0.582278        32
      hungry   0.571429  0.210526  0.307692        38

    accuracy                       0.487805       123
   macro avg   0.499069  0.512029  0.476136       123
weighted avg   0.504482  0.487805  0.462386       123

[[14  6  8  2]
 [ 3 15  2  3]
 [ 6  2 23  1]
 [ 8  8 14  8]]
The best result ----------
WA: 48.7805%, UA: 51.2029%, macro f1: 47.6136%, weighted f1: 46.2386%
--------------------------
epoch: 1, lr: 0.0009025, loss: 1.275
9.255786500000001
              precision    recall  f1-score   support

       awake   0.447368  0.566667  0.500000        30
      diaper   0.629630  0.739130  0.680000        23
         hug   0.608696  0.437500  0.509091        32
      hungry   0.457143  0.421053  0.438356        38

    accuracy                       0.520325       123
   macro avg   0.535709  0.541087  0.531862       123
weighted avg   0.526441  0.520325  0.516979       123

[[17  2  3  8]
 [ 3 17  0  3]
 [ 7  3 14  8]
 [11  5  6 16]]
The best result ----------
WA: 52.0325%, UA: 54.1087%, macro f1: 53.1862%, weighted f1: 51.6979%
--------------------------
epoch: 2, lr: 0.0008574, loss: 1.185
12.132348600000002
              precision    recall  f1-score   support

       awake   0.454545  0.666667  0.540541        30
      diaper   0.705882  0.521739  0.600000        23
         hug   0.457627  0.843750  0.593407        32
      hungry   1.000000  0.078947  0.146341        38

    accuracy                       0.504065       123
   macro avg   0.654514  0.527776  0.470072       123
weighted avg   0.670860  0.504065  0.443628       123

[[20  1  9  0]
 [ 8 12  3  0]
 [ 4  1 27  0]
 [12  3 20  3]]
The best result ----------
WA: 52.0325%, UA: 54.1087%, macro f1: 53.1862%, weighted f1: 51.6979%
--------------------------
epoch: 3, lr: 0.0008145, loss: 1.116
14.589900500000002
              precision    recall  f1-score   support

       awake   0.750000  0.300000  0.428571        30
      diaper   0.900000  0.391304  0.545455        23
         hug   0.491525  0.906250  0.637363        32
      hungry   0.595238  0.657895  0.625000        38

    accuracy                       0.585366       123
   macro avg   0.684191  0.563862  0.559097       123
weighted avg   0.662991  0.585366  0.565433       123

[[ 9  1 10 10]
 [ 2  9  7  5]
 [ 1  0 29  2]
 [ 0  0 13 25]]
The best result ----------
WA: 58.5366%, UA: 56.3862%, macro f1: 55.9097%, weighted f1: 56.5433%
--------------------------
epoch: 4, lr: 0.0007738, loss: 1.055
16.7268039
              precision    recall  f1-score   support

       awake   0.571429  0.666667  0.615385        30
      diaper   0.823529  0.608696  0.700000        23
         hug   0.517857  0.906250  0.659091        32
      hungry   0.800000  0.315789  0.452830        38

    accuracy                       0.609756       123
   macro avg   0.678204  0.624350  0.606826       123
weighted avg   0.675248  0.609756  0.592358       123

[[20  2  7  1]
 [ 2 14  5  2]
 [ 3  0 29  0]
 [10  1 15 12]]
The best result ----------
WA: 60.9756%, UA: 62.4350%, macro f1: 60.6826%, weighted f1: 59.2358%
--------------------------
epoch: 5, lr: 0.0007351, loss: 1.006
18.8165172
              precision    recall  f1-score   support

       awake   0.527778  0.633333  0.575758        30
      diaper   0.866667  0.565217  0.684211        23
         hug   0.714286  0.625000  0.666667        32
      hungry   0.659091  0.763158  0.707317        38

    accuracy                       0.658537       123
   macro avg   0.691955  0.646677  0.658488       123
weighted avg   0.680238  0.658537  0.660333       123

[[19  0  4  7]
 [ 4 13  1  5]
 [ 8  1 20  3]
 [ 5  1  3 29]]
The best result ----------
WA: 65.8537%, UA: 64.6677%, macro f1: 65.8488%, weighted f1: 66.0333%
--------------------------
epoch: 6, lr: 0.0006983, loss: 0.9317
20.891894
              precision    recall  f1-score   support

       awake   0.462963  0.833333  0.595238        30
      diaper   0.846154  0.478261  0.611111        23
         hug   0.869565  0.625000  0.727273        32
      hungry   0.727273  0.631579  0.676056        38

    accuracy                       0.650407       123
   macro avg   0.726489  0.642043  0.652420       123
weighted avg   0.722056  0.650407  0.657525       123

[[25  2  0  3]
 [ 8 11  1  3]
 [ 9  0 20  3]
 [12  0  2 24]]
The best result ----------
WA: 65.8537%, UA: 64.6677%, macro f1: 65.8488%, weighted f1: 66.0333%
--------------------------
epoch: 7, lr: 0.0006634, loss: 0.8664
22.9868028
              precision    recall  f1-score   support

       awake   0.600000  0.600000  0.600000        30
      diaper   0.928571  0.565217  0.702703        23
         hug   0.575000  0.718750  0.638889        32
      hungry   0.717949  0.736842  0.727273        38

    accuracy                       0.666667       123
   macro avg   0.705380  0.655202  0.667216       123
weighted avg   0.691376  0.666667  0.668642       123

[[18  1  6  5]
 [ 5 13  4  1]
 [ 4  0 23  5]
 [ 3  0  7 28]]
The best result ----------
WA: 66.6667%, UA: 65.5202%, macro f1: 66.7216%, weighted f1: 66.8642%
--------------------------
epoch: 8, lr: 0.0006302, loss: 0.8654
25.0708168
              precision    recall  f1-score   support

       awake   0.583333  0.700000  0.636364        30
      diaper   0.548387  0.739130  0.629630        23
         hug   0.674419  0.906250  0.773333        32
      hungry   1.000000  0.342105  0.509804        38

    accuracy                       0.650407       123
   macro avg   0.701535  0.671871  0.637283       123
weighted avg   0.729222  0.650407  0.631639       123

[[21  5  4  0]
 [ 5 17  1  0]
 [ 2  1 29  0]
 [ 8  8  9 13]]
The best result ----------
WA: 65.0407%, UA: 67.1871%, macro f1: 63.7283%, weighted f1: 63.1639%
--------------------------
epoch: 9, lr: 0.0005987, loss: 0.8182
27.127631599999997
              precision    recall  f1-score   support

       awake   0.638889  0.766667  0.696970        30
      diaper   0.714286  0.869565  0.784314        23
         hug   0.807692  0.656250  0.724138        32
      hungry   0.818182  0.710526  0.760563        38

    accuracy                       0.739837       123
   macro avg   0.744762  0.750752  0.741496       123
weighted avg   0.752295  0.739837  0.740017       123

[[23  4  0  3]
 [ 2 20  0  1]
 [ 8  1 21  2]
 [ 3  3  5 27]]
The best result ----------
WA: 73.9837%, UA: 75.0752%, macro f1: 74.1496%, weighted f1: 74.0017%
--------------------------
epoch: 10, lr: 0.0005688, loss: 0.7696
29.157163999999998
              precision    recall  f1-score   support

       awake   0.640000  0.533333  0.581818        30
      diaper   0.800000  0.695652  0.744186        23
         hug   0.733333  0.687500  0.709677        32
      hungry   0.645833  0.815789  0.720930        38

    accuracy                       0.691057       123
   macro avg   0.704792  0.683069  0.689153       123
weighted avg   0.696003  0.691057  0.688422       123

[[16  2  1 11]
 [ 2 16  1  4]
 [ 7  1 22  2]
 [ 0  1  6 31]]
The best result ----------
WA: 73.9837%, UA: 75.0752%, macro f1: 74.1496%, weighted f1: 74.0017%
--------------------------
epoch: 11, lr: 0.0005404, loss: 0.7213
31.206203400000003
              precision    recall  f1-score   support

       awake   0.888889  0.533333  0.666667        30
      diaper   0.592593  0.695652  0.640000        23
         hug   0.568627  0.906250  0.698795        32
      hungry   0.740741  0.526316  0.615385        38

    accuracy                       0.658537       123
   macro avg   0.697712  0.665388  0.655212       123
weighted avg   0.704394  0.658537  0.654196       123

[[16  6  3  5]
 [ 2 16  4  1]
 [ 0  2 29  1]
 [ 0  3 15 20]]
The best result ----------
WA: 73.9837%, UA: 75.0752%, macro f1: 74.1496%, weighted f1: 74.0017%
--------------------------
epoch: 12, lr: 0.0005133, loss: 0.7264
33.27567930000001
              precision    recall  f1-score   support

       awake   0.666667  0.733333  0.698413        30
      diaper   0.736842  0.608696  0.666667        23
         hug   0.709677  0.687500  0.698413        32
      hungry   0.775000  0.815789  0.794872        38

    accuracy                       0.723577       123
   macro avg   0.722047  0.711330  0.714591       123
weighted avg   0.724448  0.723577  0.722277       123

[[22  3  1  4]
 [ 3 14  3  3]
 [ 7  1 22  2]
 [ 1  1  5 31]]
The best result ----------
WA: 73.9837%, UA: 75.0752%, macro f1: 74.1496%, weighted f1: 74.0017%
--------------------------
epoch: 13, lr: 0.0004877, loss: 0.6736
35.31500900000001
              precision    recall  f1-score   support

       awake   0.621622  0.766667  0.686567        30
      diaper   0.722222  0.565217  0.634146        23
         hug   0.782609  0.562500  0.654545        32
      hungry   0.688889  0.815789  0.746988        38

    accuracy                       0.691057       123
   macro avg   0.703835  0.677543  0.680562       123
weighted avg   0.703098  0.691057  0.687101       123

[[23  2  0  5]
 [ 4 13  1  5]
 [ 9  1 18  4]
 [ 1  2  4 31]]
The best result ----------
WA: 73.9837%, UA: 75.0752%, macro f1: 74.1496%, weighted f1: 74.0017%
--------------------------
epoch: 14, lr: 0.0004633, loss: 0.6974
37.35515570000001
              precision    recall  f1-score   support

       awake   0.769231  0.666667  0.714286        30
      diaper   0.608696  0.608696  0.608696        23
         hug   0.675000  0.843750  0.750000        32
      hungry   0.735294  0.657895  0.694444        38

    accuracy                       0.699187       123
   macro avg   0.697055  0.694252  0.691856       123
weighted avg   0.704212  0.699187  0.697703       123

[[20  4  2  4]
 [ 2 14  3  4]
 [ 3  1 27  1]
 [ 1  4  8 25]]
The best result ----------
WA: 73.9837%, UA: 75.0752%, macro f1: 74.1496%, weighted f1: 74.0017%
--------------------------
epoch: 15, lr: 0.0004401, loss: 0.6755
39.38412850000002
              precision    recall  f1-score   support

       awake   0.621622  0.766667  0.686567        30
      diaper   0.842105  0.695652  0.761905        23
         hug   0.710526  0.843750  0.771429        32
      hungry   0.862069  0.657895  0.746269        38

    accuracy                       0.739837       123
   macro avg   0.759081  0.740991  0.741542       123
weighted avg   0.760264  0.739837  0.741177       123

[[23  1  4  2]
 [ 6 16  0  1]
 [ 4  0 27  1]
 [ 4  2  7 25]]
The best result ----------
WA: 73.9837%, UA: 75.0752%, macro f1: 74.1496%, weighted f1: 74.0017%
--------------------------
epoch: 16, lr: 0.0004181, loss: 0.6619
41.46282820000002
              precision    recall  f1-score   support

       awake   0.750000  0.600000  0.666667        30
      diaper   0.678571  0.826087  0.745098        23
         hug   0.764706  0.812500  0.787879        32
      hungry   0.702703  0.684211  0.693333        38

    accuracy                       0.723577       123
   macro avg   0.723995  0.730699  0.723244       123
weighted avg   0.725857  0.723577  0.721106       123

[[18  4  0  8]
 [ 2 19  0  2]
 [ 3  2 26  1]
 [ 1  3  8 26]]
The best result ----------
WA: 73.9837%, UA: 75.0752%, macro f1: 74.1496%, weighted f1: 74.0017%
--------------------------
epoch: 17, lr: 0.0003972, loss: 0.6261
43.53484020000002
              precision    recall  f1-score   support

       awake   0.740741  0.666667  0.701754        30
      diaper   0.653846  0.739130  0.693878        23
         hug   0.642857  0.843750  0.729730        32
      hungry   0.821429  0.605263  0.696970        38

    accuracy                       0.707317       123
   macro avg   0.714718  0.713703  0.705583       123
weighted avg   0.723954  0.707317  0.706081       123

[[20  6  0  4]
 [ 2 17  4  0]
 [ 3  1 27  1]
 [ 2  2 11 23]]
The best result ----------
WA: 73.9837%, UA: 75.0752%, macro f1: 74.1496%, weighted f1: 74.0017%
--------------------------
epoch: 18, lr: 0.0003774, loss: 0.6322
45.60365350000002
              precision    recall  f1-score   support

       awake   0.666667  0.800000  0.727273        30
      diaper   0.695652  0.695652  0.695652        23
         hug   0.627907  0.843750  0.720000        32
      hungry   0.952381  0.526316  0.677966        38

    accuracy                       0.707317       123
   macro avg   0.735652  0.716429  0.705223       123
weighted avg   0.750272  0.707317  0.704235       123

[[24  3  2  1]
 [ 3 16  4  0]
 [ 4  1 27  0]
 [ 5  3 10 20]]
The best result ----------
WA: 73.9837%, UA: 75.0752%, macro f1: 74.1496%, weighted f1: 74.0017%
--------------------------
epoch: 19, lr: 0.0003585, loss: 0.5917
47.67061210000002
              precision    recall  f1-score   support

       awake   0.727273  0.533333  0.615385        30
      diaper   0.823529  0.608696  0.700000        23
         hug   0.529412  0.843750  0.650602        32
      hungry   0.757576  0.657895  0.704225        38

    accuracy                       0.666667       123
   macro avg   0.709447  0.660918  0.667553       123
weighted avg   0.703158  0.666667  0.667816       123

[[16  1  8  5]
 [ 2 14  5  2]
 [ 4  0 27  1]
 [ 0  2 11 25]]
The best result ----------
WA: 73.9837%, UA: 75.0752%, macro f1: 74.1496%, weighted f1: 74.0017%
--------------------------
epoch: 20, lr: 0.0003406, loss: 0.6247
49.71929780000002
              precision    recall  f1-score   support

       awake   0.681818  0.500000  0.576923        30
      diaper   0.680000  0.739130  0.708333        23
         hug   0.840000  0.656250  0.736842        32
      hungry   0.666667  0.894737  0.764045        38

    accuracy                       0.707317       123
   macro avg   0.717121  0.697529  0.696536       123
weighted avg   0.717950  0.707317  0.700911       123

[[15  5  0 10]
 [ 1 17  2  3]
 [ 6  1 21  4]
 [ 0  2  2 34]]
The best result ----------
WA: 73.9837%, UA: 75.0752%, macro f1: 74.1496%, weighted f1: 74.0017%
--------------------------
epoch: 21, lr: 0.0003235, loss: 0.5924
51.74892180000002
              precision    recall  f1-score   support

       awake   0.627907  0.900000  0.739726        30
      diaper   0.823529  0.608696  0.700000        23
         hug   0.750000  0.750000  0.750000        32
      hungry   0.870968  0.710526  0.782609        38

    accuracy                       0.747967       123
   macro avg   0.768101  0.742305  0.743084       123
weighted avg   0.771343  0.747967  0.748219       123

[[27  2  0  1]
 [ 4 14  3  2]
 [ 7  0 24  1]
 [ 5  1  5 27]]
The best result ----------
WA: 73.9837%, UA: 75.0752%, macro f1: 74.1496%, weighted f1: 74.0017%
--------------------------
epoch: 22, lr: 0.0003074, loss: 0.5924
53.81167080000002
              precision    recall  f1-score   support

       awake   0.842105  0.533333  0.653061        30
      diaper   0.727273  0.695652  0.711111        23
         hug   0.722222  0.812500  0.764706        32
      hungry   0.673913  0.815789  0.738095        38

    accuracy                       0.723577       123
   macro avg   0.741378  0.714319  0.716743       123
weighted avg   0.737482  0.723577  0.719233       123

[[16  4  0 10]
 [ 1 16  4  2]
 [ 2  1 26  3]
 [ 0  1  6 31]]
The best result ----------
WA: 73.9837%, UA: 75.0752%, macro f1: 74.1496%, weighted f1: 74.0017%
--------------------------
epoch: 23, lr: 0.000292, loss: 0.5983
55.881835800000026
              precision    recall  f1-score   support

       awake   0.609756  0.833333  0.704225        30
      diaper   0.680000  0.739130  0.708333        23
         hug   0.800000  0.750000  0.774194        32
      hungry   0.888889  0.631579  0.738462        38

    accuracy                       0.731707       123
   macro avg   0.744661  0.738511  0.731303       123
weighted avg   0.758622  0.731707  0.733774       123

[[25  4  0  1]
 [ 4 17  1  1]
 [ 6  1 24  1]
 [ 6  3  5 24]]
The best result ----------
WA: 73.9837%, UA: 75.0752%, macro f1: 74.1496%, weighted f1: 74.0017%
--------------------------
epoch: 24, lr: 0.0002774, loss: 0.5238
57.902528700000026
              precision    recall  f1-score   support

       awake   0.733333  0.733333  0.733333        30
      diaper   0.833333  0.652174  0.731707        23
         hug   0.583333  0.875000  0.700000        32
      hungry   0.851852  0.605263  0.707692        38

    accuracy                       0.715447       123
   macro avg   0.750463  0.716443  0.718183       123
weighted avg   0.749624  0.715447  0.716436       123

[[22  2  4  2]
 [ 3 15  4  1]
 [ 3  0 28  1]
 [ 2  1 12 23]]
The best result ----------
WA: 73.9837%, UA: 75.0752%, macro f1: 74.1496%, weighted f1: 74.0017%
--------------------------
epoch: 25, lr: 0.0002635, loss: 0.5785
59.93261760000002
              precision    recall  f1-score   support

       awake   0.689655  0.666667  0.677966        30
      diaper   0.833333  0.652174  0.731707        23
         hug   0.604651  0.812500  0.693333        32
      hungry   0.818182  0.710526  0.760563        38

    accuracy                       0.715447       123
   macro avg   0.736455  0.710467  0.715893       123
weighted avg   0.734114  0.715447  0.717531       123

[[20  1  5  4]
 [ 3 15  4  1]
 [ 4  1 26  1]
 [ 2  1  8 27]]
The best result ----------
WA: 73.9837%, UA: 75.0752%, macro f1: 74.1496%, weighted f1: 74.0017%
--------------------------
epoch: 26, lr: 0.0002503, loss: 0.6016
61.97245290000003
              precision    recall  f1-score   support

       awake   0.818182  0.600000  0.692308        30
      diaper   0.842105  0.695652  0.761905        23
         hug   0.508475  0.937500  0.659341        32
      hungry   0.869565  0.526316  0.655738        38

    accuracy                       0.682927       123
   macro avg   0.759582  0.689867  0.692323       123
weighted avg   0.757956  0.682927  0.685447       123

[[18  1  9  2]
 [ 2 16  4  1]
 [ 2  0 30  0]
 [ 0  2 16 20]]
The best result ----------
WA: 73.9837%, UA: 75.0752%, macro f1: 74.1496%, weighted f1: 74.0017%
--------------------------
epoch: 27, lr: 0.0002378, loss: 0.5355
64.03066370000002
              precision    recall  f1-score   support

       awake   0.519231  0.900000  0.658537        30
      diaper   0.666667  0.608696  0.636364        23
         hug   0.687500  0.687500  0.687500        32
      hungry   0.944444  0.447368  0.607143        38

    accuracy                       0.650407       123
   macro avg   0.704460  0.660891  0.647386       123
weighted avg   0.721944  0.650407  0.646048       123

[[27  3  0  0]
 [ 5 14  3  1]
 [10  0 22  0]
 [10  4  7 17]]
The best result ----------
WA: 73.9837%, UA: 75.0752%, macro f1: 74.1496%, weighted f1: 74.0017%
--------------------------
epoch: 28, lr: 0.0002259, loss: 0.5433
66.06052070000003
              precision    recall  f1-score   support

       awake   0.634146  0.866667  0.732394        30
      diaper   0.761905  0.695652  0.727273        23
         hug   0.718750  0.718750  0.718750        32
      hungry   0.862069  0.657895  0.746269        38

    accuracy                       0.731707       123
   macro avg   0.744218  0.734741  0.731171       123
weighted avg   0.750462  0.731707  0.732173       123

[[26  3  0  1]
 [ 3 16  2  2]
 [ 7  1 23  1]
 [ 5  1  7 25]]
The best result ----------
WA: 73.9837%, UA: 75.0752%, macro f1: 74.1496%, weighted f1: 74.0017%
--------------------------
epoch: 29, lr: 0.0002146, loss: 0.5296
68.07729820000003
              precision    recall  f1-score   support

       awake   0.772727  0.566667  0.653846        30
      diaper   0.739130  0.739130  0.739130        23
         hug   0.675000  0.843750  0.750000        32
      hungry   0.736842  0.736842  0.736842        38

    accuracy                       0.723577       123
   macro avg   0.730925  0.721597  0.719955       123
weighted avg   0.729933  0.723577  0.720450       123

[[17  2  4  7]
 [ 2 17  2  2]
 [ 3  1 27  1]
 [ 0  3  7 28]]
The best result ----------
WA: 73.9837%, UA: 75.0752%, macro f1: 74.1496%, weighted f1: 74.0017%
--------------------------
epoch: 30, lr: 0.0002039, loss: 0.5188
70.09582100000003
              precision    recall  f1-score   support

       awake   0.696970  0.766667  0.730159        30
      diaper   0.730769  0.826087  0.775510        23
         hug   0.800000  0.750000  0.774194        32
      hungry   0.794118  0.710526  0.750000        38

    accuracy                       0.756098       123
   macro avg   0.755464  0.763320  0.757466       123
weighted avg   0.760108  0.756098  0.756225       123

[[23  4  0  3]
 [ 2 19  0  2]
 [ 5  1 24  2]
 [ 3  2  6 27]]
The best result ----------
WA: 75.6098%, UA: 76.3320%, macro f1: 75.7466%, weighted f1: 75.6225%
--------------------------
epoch: 31, lr: 0.0001937, loss: 0.5353
72.12558840000003
              precision    recall  f1-score   support

       awake   0.666667  0.800000  0.727273        30
      diaper   0.750000  0.652174  0.697674        23
         hug   0.684211  0.812500  0.742857        32
      hungry   0.896552  0.684211  0.776119        38

    accuracy                       0.739837       123
   macro avg   0.749357  0.737221  0.735981       123
weighted avg   0.757835  0.739837  0.740883       123

[[24  3  1  2]
 [ 4 15  4  0]
 [ 4  1 26  1]
 [ 4  1  7 26]]
The best result ----------
WA: 75.6098%, UA: 76.3320%, macro f1: 75.7466%, weighted f1: 75.6225%
--------------------------
epoch: 32, lr: 0.000184, loss: 0.5587
74.13701450000002
              precision    recall  f1-score   support

       awake   0.709677  0.733333  0.721311        30
      diaper   0.782609  0.782609  0.782609        23
         hug   0.658537  0.843750  0.739726        32
      hungry   0.857143  0.631579  0.727273        38

    accuracy                       0.739837       123
   macro avg   0.751991  0.747818  0.742730       123
weighted avg   0.755568  0.739837  0.739406       123

[[22  3  2  3]
 [ 2 18  3  0]
 [ 4  0 27  1]
 [ 3  2  9 24]]
The best result ----------
WA: 75.6098%, UA: 76.3320%, macro f1: 75.7466%, weighted f1: 75.6225%
--------------------------
epoch: 33, lr: 0.0001748, loss: 0.5111
76.11676460000002
              precision    recall  f1-score   support

       awake   0.634146  0.866667  0.732394        30
      diaper   0.739130  0.739130  0.739130        23
         hug   0.727273  0.750000  0.738462        32
      hungry   0.884615  0.605263  0.718750        38

    accuracy                       0.731707       123
   macro avg   0.746291  0.740265  0.732184       123
weighted avg   0.755386  0.731707  0.731017       123

[[26  3  0  1]
 [ 3 17  2  1]
 [ 7  0 24  1]
 [ 5  3  7 23]]
The best result ----------
WA: 75.6098%, UA: 76.3320%, macro f1: 75.7466%, weighted f1: 75.6225%
--------------------------
epoch: 34, lr: 0.0001661, loss: 0.5787
78.09031350000002
              precision    recall  f1-score   support

       awake   0.684211  0.866667  0.764706        30
      diaper   0.761905  0.695652  0.727273        23
         hug   0.710526  0.843750  0.771429        32
      hungry   0.923077  0.631579  0.750000        38

    accuracy                       0.756098       123
   macro avg   0.769930  0.759412  0.753352       123
weighted avg   0.779381  0.756098  0.754912       123

[[26  2  1  1]
 [ 4 16  3  0]
 [ 4  0 27  1]
 [ 4  3  7 24]]
The best result ----------
WA: 75.6098%, UA: 76.3320%, macro f1: 75.7466%, weighted f1: 75.6225%
--------------------------
epoch: 35, lr: 0.0001578, loss: 0.536
80.12249060000002
              precision    recall  f1-score   support

       awake   0.733333  0.733333  0.733333        30
      diaper   0.875000  0.608696  0.717949        23
         hug   0.717949  0.875000  0.788732        32
      hungry   0.763158  0.763158  0.763158        38

    accuracy                       0.756098       123
   macro avg   0.772360  0.745047  0.750793       123
weighted avg   0.765035  0.756098  0.754083       123

[[22  1  3  4]
 [ 3 14  2  4]
 [ 3  0 28  1]
 [ 2  1  6 29]]
The best result ----------
WA: 75.6098%, UA: 76.3320%, macro f1: 75.7466%, weighted f1: 75.6225%
--------------------------
epoch: 36, lr: 0.0001499, loss: 0.5394
82.15002310000003
              precision    recall  f1-score   support

       awake   0.700000  0.700000  0.700000        30
      diaper   0.800000  0.695652  0.744186        23
         hug   0.682927  0.875000  0.767123        32
      hungry   0.781250  0.657895  0.714286        38

    accuracy                       0.731707       123
   macro avg   0.741044  0.732137  0.731399       123
weighted avg   0.739359  0.731707  0.730139       123

[[21  3  1  5]
 [ 3 16  3  1]
 [ 3  0 28  1]
 [ 3  1  9 25]]
The best result ----------
WA: 75.6098%, UA: 76.3320%, macro f1: 75.7466%, weighted f1: 75.6225%
--------------------------
epoch: 37, lr: 0.0001424, loss: 0.4972
84.13858220000003
              precision    recall  f1-score   support

       awake   0.687500  0.733333  0.709677        30
      diaper   0.800000  0.695652  0.744186        23
         hug   0.682927  0.875000  0.767123        32
      hungry   0.866667  0.684211  0.764706        38

    accuracy                       0.747967       123
   macro avg   0.759273  0.747049  0.746423       123
weighted avg   0.762699  0.747967  0.748076       123

[[22  3  2  3]
 [ 4 16  3  0]
 [ 3  0 28  1]
 [ 3  1  8 26]]
The best result ----------
WA: 75.6098%, UA: 76.3320%, macro f1: 75.7466%, weighted f1: 75.6225%
--------------------------
epoch: 38, lr: 0.0001353, loss: 0.5149
86.12948680000002
              precision    recall  f1-score   support

       awake   0.781250  0.833333  0.806452        30
      diaper   0.708333  0.739130  0.723404        23
         hug   0.717949  0.875000  0.788732        32
      hungry   0.892857  0.657895  0.757576        38

    accuracy                       0.772358       123
   macro avg   0.775097  0.776340  0.769041       123
weighted avg   0.785627  0.772358  0.771213       123

[[25  4  0  1]
 [ 2 17  3  1]
 [ 3  0 28  1]
 [ 2  3  8 25]]
The best result ----------
WA: 77.2358%, UA: 77.6340%, macro f1: 76.9041%, weighted f1: 77.1213%
--------------------------
epoch: 39, lr: 0.0001285, loss: 0.5524
88.15916920000002
              precision    recall  f1-score   support

       awake   0.800000  0.800000  0.800000        30
      diaper   0.772727  0.739130  0.755556        23
         hug   0.682927  0.875000  0.767123        32
      hungry   0.866667  0.684211  0.764706        38

    accuracy                       0.772358       123
   macro avg   0.780580  0.774585  0.771846       123
weighted avg   0.785038  0.772358  0.772232       123

[[24  3  1  2]
 [ 1 17  4  1]
 [ 3  0 28  1]
 [ 2  2  8 26]]
The best result ----------
WA: 77.2358%, UA: 77.6340%, macro f1: 76.9041%, weighted f1: 77.1213%
--------------------------
epoch: 40, lr: 0.0001221, loss: 0.5505
90.17712200000003
              precision    recall  f1-score   support

       awake   0.760000  0.633333  0.690909        30
      diaper   0.809524  0.739130  0.772727        23
         hug   0.717949  0.875000  0.788732        32
      hungry   0.736842  0.736842  0.736842        38

    accuracy                       0.747967       123
   macro avg   0.756079  0.746076  0.747303       123
weighted avg   0.751166  0.747967  0.745849       123

[[19  3  1  7]
 [ 2 17  2  2]
 [ 3  0 28  1]
 [ 1  1  8 28]]
The best result ----------
WA: 77.2358%, UA: 77.6340%, macro f1: 76.9041%, weighted f1: 77.1213%
--------------------------
epoch: 41, lr: 0.000116, loss: 0.5806
92.18740470000002
              precision    recall  f1-score   support

       awake   0.757576  0.833333  0.793651        30
      diaper   0.680000  0.739130  0.708333        23
         hug   0.710526  0.843750  0.771429        32
      hungry   0.851852  0.605263  0.707692        38

    accuracy                       0.747967       123
   macro avg   0.749988  0.755369  0.745276       123
weighted avg   0.759955  0.747967  0.745359       123

[[25  4  0  1]
 [ 2 17  2  2]
 [ 3  1 27  1]
 [ 3  3  9 23]]
The best result ----------
WA: 77.2358%, UA: 77.6340%, macro f1: 76.9041%, weighted f1: 77.1213%
--------------------------
epoch: 42, lr: 0.0001102, loss: 0.5557
94.1989381
              precision    recall  f1-score   support

       awake   0.694444  0.833333  0.757576        30
      diaper   0.750000  0.652174  0.697674        23
         hug   0.710526  0.843750  0.771429        32
      hungry   0.862069  0.657895  0.746269        38

    accuracy                       0.747967       123
   macro avg   0.754260  0.746788  0.743237       123
weighted avg   0.760803  0.747967  0.746485       123

[[25  3  1  1]
 [ 3 15  3  2]
 [ 4  0 27  1]
 [ 4  2  7 25]]
The best result ----------
WA: 77.2358%, UA: 77.6340%, macro f1: 76.9041%, weighted f1: 77.1213%
--------------------------
epoch: 43, lr: 0.0001047, loss: 0.5016
96.1922422
              precision    recall  f1-score   support

       awake   0.705882  0.800000  0.750000        30
      diaper   0.666667  0.695652  0.680851        23
         hug   0.736842  0.875000  0.800000        32
      hungry   0.888889  0.631579  0.738462        38

    accuracy                       0.747967       123
   macro avg   0.749570  0.750558  0.742328       123
weighted avg   0.763143  0.747967  0.746513       123

[[24  4  0  2]
 [ 4 16  3  0]
 [ 3  0 28  1]
 [ 3  4  7 24]]
The best result ----------
WA: 77.2358%, UA: 77.6340%, macro f1: 76.9041%, weighted f1: 77.1213%
--------------------------
epoch: 44, lr: 9.944e-05, loss: 0.554
98.1516977
              precision    recall  f1-score   support

       awake   0.687500  0.733333  0.709677        30
      diaper   0.772727  0.739130  0.755556        23
         hug   0.675000  0.843750  0.750000        32
      hungry   0.862069  0.657895  0.746269        38

    accuracy                       0.739837       123
   macro avg   0.749324  0.743527  0.740375       123
weighted avg   0.754117  0.739837  0.740051       123

[[22  3  2  3]
 [ 3 17  3  0]
 [ 4  0 27  1]
 [ 3  2  8 25]]
The best result ----------
WA: 77.2358%, UA: 77.6340%, macro f1: 76.9041%, weighted f1: 77.1213%
--------------------------
epoch: 45, lr: 9.447e-05, loss: 0.4981
100.1534312
              precision    recall  f1-score   support

       awake   0.720000  0.600000  0.654545        30
      diaper   0.842105  0.695652  0.761905        23
         hug   0.666667  0.875000  0.756757        32
      hungry   0.729730  0.710526  0.720000        38

    accuracy                       0.723577       123
   macro avg   0.739625  0.720295  0.723302       123
weighted avg   0.731963  0.723577  0.721434       123

[[18  2  3  7]
 [ 3 16  2  2]
 [ 3  0 28  1]
 [ 1  1  9 27]]
The best result ----------
WA: 77.2358%, UA: 77.6340%, macro f1: 76.9041%, weighted f1: 77.1213%
--------------------------
epoch: 46, lr: 8.974e-05, loss: 0.5092
102.10730799999999
              precision    recall  f1-score   support

       awake   0.727273  0.800000  0.761905        30
      diaper   0.800000  0.695652  0.744186        23
         hug   0.717949  0.875000  0.788732        32
      hungry   0.838710  0.684211  0.753623        38

    accuracy                       0.764228       123
   macro avg   0.770983  0.763716  0.762112       123
weighted avg   0.772874  0.764228  0.763013       123

[[24  3  1  2]
 [ 3 16  2  2]
 [ 3  0 28  1]
 [ 3  1  8 26]]
The best result ----------
WA: 77.2358%, UA: 77.6340%, macro f1: 76.9041%, weighted f1: 77.1213%
--------------------------
epoch: 47, lr: 8.526e-05, loss: 0.5251
104.05061839999999
              precision    recall  f1-score   support

       awake   0.676471  0.766667  0.718750        30
      diaper   0.782609  0.782609  0.782609        23
         hug   0.710526  0.843750  0.771429        32
      hungry   0.857143  0.631579  0.727273        38

    accuracy                       0.747967       123
   macro avg   0.756687  0.756151  0.750015       123
weighted avg   0.760995  0.747967  0.747029       123

[[23  3  1  3]
 [ 2 18  3  0]
 [ 4  0 27  1]
 [ 5  2  7 24]]
The best result ----------
WA: 77.2358%, UA: 77.6340%, macro f1: 76.9041%, weighted f1: 77.1213%
--------------------------
epoch: 48, lr: 8.099e-05, loss: 0.5465
106.01520249999999
              precision    recall  f1-score   support

       awake   0.666667  0.866667  0.753623        30
      diaper   0.761905  0.695652  0.727273        23
         hug   0.714286  0.781250  0.746269        32
      hungry   0.892857  0.657895  0.757576        38

    accuracy                       0.747967       123
   macro avg   0.758929  0.750366  0.746185       123
weighted avg   0.766744  0.747967  0.748004       123

[[26  3  0  1]
 [ 4 16  2  1]
 [ 5  1 25  1]
 [ 4  1  8 25]]
The best result ----------
WA: 77.2358%, UA: 77.6340%, macro f1: 76.9041%, weighted f1: 77.1213%
--------------------------
epoch: 49, lr: 7.694e-05, loss: 0.5297
107.97369479999999
              precision    recall  f1-score   support

       awake   0.714286  0.666667  0.689655        30
      diaper   0.750000  0.652174  0.697674        23
         hug   0.666667  0.875000  0.756757        32
      hungry   0.787879  0.684211  0.732394        38

    accuracy                       0.723577       123
   macro avg   0.729708  0.719513  0.719120       123
weighted avg   0.731311  0.723577  0.721816       123

[[20  3  3  4]
 [ 3 15  3  2]
 [ 3  0 28  1]
 [ 2  2  8 26]]
The best result ----------
WA: 77.2358%, UA: 77.6340%, macro f1: 76.9041%, weighted f1: 77.1213%
--------------------------
epoch: 0, lr: 0.00095, loss: 1.363
9.668007499999987
