epoch: 0, lr: 0.00095, loss: 1.312
25.194586499999986
              precision    recall  f1-score   support

       awake   0.423077  0.297297  0.349206        37
      diaper   0.405405  0.714286  0.517241        21
         hug   0.486486  0.580645  0.529412        31
      hungry   0.347826  0.235294  0.280702        34

    accuracy                       0.422764       123
   macro avg   0.415699  0.456881  0.419140       123
weighted avg   0.415240  0.422764  0.404377       123

[[11 11  7  8]
 [ 3 15  3  0]
 [ 1  5 18  7]
 [11  6  9  8]]
The best result ----------
WA: 42.2764%, UA: 45.6881%, macro f1: 41.9140%, weighted f1: 40.4377%
--------------------------
epoch: 1, lr: 0.0009025, loss: 1.052
46.33112599999998
              precision    recall  f1-score   support

       awake   0.560976  0.621622  0.589744        37
      diaper   0.615385  0.761905  0.680851        21
         hug   0.513514  0.612903  0.558824        31
      hungry   0.473684  0.264706  0.339623        34

    accuracy                       0.544715       123
   macro avg   0.540889  0.565284  0.542260       123
weighted avg   0.534174  0.544715  0.528367       123

[[23  3  6  5]
 [ 2 16  3  0]
 [ 5  2 19  5]
 [11  5  9  9]]
The best result ----------
WA: 54.4715%, UA: 56.5284%, macro f1: 54.2260%, weighted f1: 52.8367%
--------------------------
epoch: 2, lr: 0.0008574, loss: 0.9036
67.24606079999998
              precision    recall  f1-score   support

       awake   0.631579  0.648649  0.640000        37
      diaper   0.714286  0.714286  0.714286        21
         hug   0.656250  0.677419  0.666667        31
      hungry   0.625000  0.588235  0.606061        34

    accuracy                       0.650407       123
   macro avg   0.656779  0.657147  0.656753       123
weighted avg   0.650099  0.650407  0.650022       123

[[24  3  6  4]
 [ 4 15  1  1]
 [ 2  1 21  7]
 [ 8  2  4 20]]
The best result ----------
WA: 65.0407%, UA: 65.7147%, macro f1: 65.6753%, weighted f1: 65.0022%
--------------------------
epoch: 3, lr: 0.0008145, loss: 0.7894
88.49385229999996
              precision    recall  f1-score   support

       awake   0.742857  0.702703  0.722222        37
      diaper   0.809524  0.809524  0.809524        21
         hug   0.760000  0.612903  0.678571        31
      hungry   0.619048  0.764706  0.684211        34

    accuracy                       0.715447       123
   macro avg   0.732857  0.722459  0.723632       123
weighted avg   0.724336  0.715447  0.715619       123

[[26  1  3  7]
 [ 2 17  1  1]
 [ 3  1 19  8]
 [ 4  2  2 26]]
The best result ----------
WA: 71.5447%, UA: 72.2459%, macro f1: 72.3632%, weighted f1: 71.5619%
--------------------------
epoch: 4, lr: 0.0007738, loss: 0.7231
109.536496
              precision    recall  f1-score   support

       awake   0.656250  0.567568  0.608696        37
      diaper   0.678571  0.904762  0.775510        21
         hug   0.636364  0.677419  0.656250        31
      hungry   0.600000  0.529412  0.562500        34

    accuracy                       0.642276       123
   macro avg   0.642796  0.669790  0.650739       123
weighted avg   0.639500  0.642276  0.636392       123

[[21  3  8  5]
 [ 1 19  0  1]
 [ 2  2 21  6]
 [ 8  4  4 18]]
The best result ----------
WA: 71.5447%, UA: 72.2459%, macro f1: 72.3632%, weighted f1: 71.5619%
--------------------------
epoch: 5, lr: 0.0007351, loss: 0.6749
130.76966669999996
              precision    recall  f1-score   support

       awake   0.694444  0.675676  0.684932        37
      diaper   0.708333  0.809524  0.755556        21
         hug   0.774194  0.774194  0.774194        31
      hungry   0.625000  0.588235  0.606061        34

    accuracy                       0.699187       123
   macro avg   0.700493  0.711907  0.705185       123
weighted avg   0.697719  0.699187  0.697684       123

[[25  2  4  6]
 [ 2 17  0  2]
 [ 2  1 24  4]
 [ 7  4  3 20]]
The best result ----------
WA: 71.5447%, UA: 72.2459%, macro f1: 72.3632%, weighted f1: 71.5619%
--------------------------
epoch: 6, lr: 0.0006983, loss: 0.6467
151.70526299999995
              precision    recall  f1-score   support

       awake   0.675000  0.729730  0.701299        37
      diaper   0.708333  0.809524  0.755556        21
         hug   0.696970  0.741935  0.718750        31
      hungry   0.653846  0.500000  0.566667        34

    accuracy                       0.682927       123
   macro avg   0.683537  0.695297  0.685568       123
weighted avg   0.680381  0.682927  0.677745       123

[[27  2  4  4]
 [ 4 17  0  0]
 [ 2  1 23  5]
 [ 7  4  6 17]]
The best result ----------
WA: 71.5447%, UA: 72.2459%, macro f1: 72.3632%, weighted f1: 71.5619%
--------------------------
epoch: 7, lr: 0.0006634, loss: 0.6153
172.59694489999993
              precision    recall  f1-score   support

       awake   0.666667  0.648649  0.657534        37
      diaper   0.708333  0.809524  0.755556        21
         hug   0.740741  0.645161  0.689655        31
      hungry   0.638889  0.676471  0.657143        34

    accuracy                       0.682927       123
   macro avg   0.688657  0.694951  0.689972       123
weighted avg   0.684771  0.682927  0.682257       123

[[24  2  5  6]
 [ 3 17  0  1]
 [ 3  2 20  6]
 [ 6  3  2 23]]
The best result ----------
WA: 71.5447%, UA: 72.2459%, macro f1: 72.3632%, weighted f1: 71.5619%
--------------------------
epoch: 8, lr: 0.0006302, loss: 0.6086
193.5289112999999
              precision    recall  f1-score   support

       awake   0.631579  0.648649  0.640000        37
      diaper   0.800000  0.952381  0.869565        21
         hug   0.703704  0.612903  0.655172        31
      hungry   0.666667  0.647059  0.656716        34

    accuracy                       0.691057       123
   macro avg   0.700487  0.715248  0.705364       123
weighted avg   0.688211  0.691057  0.687639       123

[[24  2  6  5]
 [ 1 20  0  0]
 [ 4  2 19  6]
 [ 9  1  2 22]]
The best result ----------
WA: 71.5447%, UA: 72.2459%, macro f1: 72.3632%, weighted f1: 71.5619%
--------------------------
epoch: 9, lr: 0.0005987, loss: 0.5973
214.5146840999999
              precision    recall  f1-score   support

       awake   0.658537  0.729730  0.692308        37
      diaper   0.739130  0.809524  0.772727        21
         hug   0.741935  0.741935  0.741935        31
      hungry   0.678571  0.558824  0.612903        34

    accuracy                       0.699187       123
   macro avg   0.704543  0.710003  0.704968       123
weighted avg   0.698854  0.699187  0.696596       123

[[27  2  4  4]
 [ 3 17  0  1]
 [ 3  1 23  4]
 [ 8  3  4 19]]
The best result ----------
WA: 71.5447%, UA: 72.2459%, macro f1: 72.3632%, weighted f1: 71.5619%
--------------------------
epoch: 10, lr: 0.0005688, loss: 0.5851
235.5964315999999
              precision    recall  f1-score   support

       awake   0.674419  0.783784  0.725000        37
      diaper   0.888889  0.761905  0.820513        21
         hug   0.700000  0.677419  0.688525        31
      hungry   0.718750  0.676471  0.696970        34

    accuracy                       0.723577       123
   macro avg   0.745514  0.724895  0.732752       123
weighted avg   0.729737  0.723577  0.724366       123

[[29  1  4  3]
 [ 5 16  0  0]
 [ 3  1 21  6]
 [ 6  0  5 23]]
The best result ----------
WA: 72.3577%, UA: 72.4895%, macro f1: 73.2752%, weighted f1: 72.4366%
--------------------------
epoch: 11, lr: 0.0005404, loss: 0.5846
256.5485435999999
              precision    recall  f1-score   support

       awake   0.694444  0.675676  0.684932        37
      diaper   0.826087  0.904762  0.863636        21
         hug   0.791667  0.612903  0.690909        31
      hungry   0.675000  0.794118  0.729730        34

    accuracy                       0.731707       123
   macro avg   0.746800  0.746865  0.742302       123
weighted avg   0.736048  0.731707  0.729332       123

[[25  1  4  7]
 [ 2 19  0  0]
 [ 5  1 19  6]
 [ 4  2  1 27]]
The best result ----------
WA: 73.1707%, UA: 74.6865%, macro f1: 74.2302%, weighted f1: 72.9332%
--------------------------
epoch: 12, lr: 0.0005133, loss: 0.5564
277.5832933999999
              precision    recall  f1-score   support

       awake   0.600000  0.648649  0.623377        37
      diaper   0.842105  0.761905  0.800000        21
         hug   0.720000  0.580645  0.642857        31
      hungry   0.641026  0.735294  0.684932        34

    accuracy                       0.674797       123
   macro avg   0.700783  0.681623  0.687791       123
weighted avg   0.682919  0.674797  0.675457       123

[[24  1  5  7]
 [ 3 16  1  1]
 [ 6  1 18  6]
 [ 7  1  1 25]]
The best result ----------
WA: 73.1707%, UA: 74.6865%, macro f1: 74.2302%, weighted f1: 72.9332%
--------------------------
epoch: 13, lr: 0.0004877, loss: 0.5672
298.6598355999999
              precision    recall  f1-score   support

       awake   0.682927  0.756757  0.717949        37
      diaper   0.600000  0.714286  0.652174        21
         hug   0.857143  0.580645  0.692308        31
      hungry   0.611111  0.647059  0.628571        34

    accuracy                       0.674797       123
   macro avg   0.687795  0.674687  0.672750       123
weighted avg   0.692825  0.674797  0.675551       123

[[28  2  1  6]
 [ 4 15  0  2]
 [ 5  2 18  6]
 [ 4  6  2 22]]
The best result ----------
WA: 73.1707%, UA: 74.6865%, macro f1: 74.2302%, weighted f1: 72.9332%
--------------------------
epoch: 14, lr: 0.0004633, loss: 0.55
319.7419358999999
              precision    recall  f1-score   support

       awake   0.714286  0.675676  0.694444        37
      diaper   0.772727  0.809524  0.790698        21
         hug   0.791667  0.612903  0.690909        31
      hungry   0.666667  0.823529  0.736842        34

    accuracy                       0.723577       123
   macro avg   0.736337  0.730408  0.728223       123
weighted avg   0.730603  0.723577  0.721707       123

[[25  1  4  7]
 [ 3 17  0  1]
 [ 4  2 19  6]
 [ 3  2  1 28]]
The best result ----------
WA: 73.1707%, UA: 74.6865%, macro f1: 74.2302%, weighted f1: 72.9332%
--------------------------
epoch: 15, lr: 0.0004401, loss: 0.5604
342.3364153999999
              precision    recall  f1-score   support

       awake   0.641026  0.675676  0.657895        37
      diaper   0.818182  0.857143  0.837209        21
         hug   0.740741  0.645161  0.689655        31
      hungry   0.685714  0.705882  0.695652        34

    accuracy                       0.707317       123
   macro avg   0.721416  0.720966  0.720103       123
weighted avg   0.708756  0.707317  0.706951       123

[[25  2  5  5]
 [ 3 18  0  0]
 [ 4  1 20  6]
 [ 7  1  2 24]]
The best result ----------
WA: 73.1707%, UA: 74.6865%, macro f1: 74.2302%, weighted f1: 72.9332%
--------------------------
epoch: 16, lr: 0.0004181, loss: 0.5532
377.17964939999985
              precision    recall  f1-score   support

       awake   0.648649  0.648649  0.648649        37
      diaper   0.750000  0.857143  0.800000        21
         hug   0.750000  0.677419  0.711864        31
      hungry   0.647059  0.647059  0.647059        34

    accuracy                       0.691057       123
   macro avg   0.698927  0.707567  0.701893       123
weighted avg   0.691057  0.691057  0.689982       123

[[24  3  5  5]
 [ 2 18  0  1]
 [ 3  1 21  6]
 [ 8  2  2 22]]
The best result ----------
WA: 73.1707%, UA: 74.6865%, macro f1: 74.2302%, weighted f1: 72.9332%
--------------------------
epoch: 17, lr: 0.0003972, loss: 0.5347
410.33108269999985
              precision    recall  f1-score   support

       awake   0.676471  0.621622  0.647887        37
      diaper   0.818182  0.857143  0.837209        21
         hug   0.750000  0.677419  0.711864        31
      hungry   0.615385  0.705882  0.657534        34

    accuracy                       0.699187       123
   macro avg   0.715009  0.715517  0.713624       123
weighted avg   0.702311  0.699187  0.699002       123

[[23  2  4  8]
 [ 1 18  1  1]
 [ 3  1 21  6]
 [ 7  1  2 24]]
The best result ----------
WA: 73.1707%, UA: 74.6865%, macro f1: 74.2302%, weighted f1: 72.9332%
--------------------------
epoch: 18, lr: 0.0003774, loss: 0.5475
431.24062139999984
              precision    recall  f1-score   support

       awake   0.727273  0.648649  0.685714        37
      diaper   0.720000  0.857143  0.782609        21
         hug   0.689655  0.645161  0.666667        31
      hungry   0.666667  0.705882  0.685714        34

    accuracy                       0.699187       123
   macro avg   0.700899  0.714209  0.705176       123
weighted avg   0.699797  0.699187  0.697457       123

[[24  1  6  6]
 [ 1 18  1  1]
 [ 4  2 20  5]
 [ 4  4  2 24]]
The best result ----------
WA: 73.1707%, UA: 74.6865%, macro f1: 74.2302%, weighted f1: 72.9332%
--------------------------
epoch: 19, lr: 0.0003585, loss: 0.5496
452.18057359999983
              precision    recall  f1-score   support

       awake   0.694444  0.675676  0.684932        37
      diaper   0.863636  0.904762  0.883721        21
         hug   0.714286  0.645161  0.677966        31
      hungry   0.675676  0.735294  0.704225        34

    accuracy                       0.723577       123
   macro avg   0.737011  0.740223  0.737711       123
weighted avg   0.723143  0.723577  0.722449       123

[[25  2  5  5]
 [ 1 19  0  1]
 [ 4  1 20  6]
 [ 6  0  3 25]]
The best result ----------
WA: 73.1707%, UA: 74.6865%, macro f1: 74.2302%, weighted f1: 72.9332%
--------------------------
epoch: 20, lr: 0.0003406, loss: 0.539
473.1087659999999
              precision    recall  f1-score   support

       awake   0.650000  0.702703  0.675325        37
      diaper   0.857143  0.857143  0.857143        21
         hug   0.700000  0.677419  0.688525        31
      hungry   0.625000  0.588235  0.606061        34

    accuracy                       0.691057       123
   macro avg   0.708036  0.706375  0.706763       123
weighted avg   0.691057  0.691057  0.690547       123

[[26  1  5  5]
 [ 2 18  0  1]
 [ 3  1 21  6]
 [ 9  1  4 20]]
The best result ----------
WA: 73.1707%, UA: 74.6865%, macro f1: 74.2302%, weighted f1: 72.9332%
--------------------------
epoch: 21, lr: 0.0003235, loss: 0.5459
494.0355191999999
              precision    recall  f1-score   support

       awake   0.650000  0.702703  0.675325        37
      diaper   0.782609  0.857143  0.818182        21
         hug   0.758621  0.709677  0.733333        31
      hungry   0.709677  0.647059  0.676923        34

    accuracy                       0.715447       123
   macro avg   0.725227  0.729145  0.725941       123
weighted avg   0.716513  0.715447  0.714777       123

[[26  2  5  4]
 [ 3 18  0  0]
 [ 3  1 22  5]
 [ 8  2  2 22]]
The best result ----------
WA: 73.1707%, UA: 74.6865%, macro f1: 74.2302%, weighted f1: 72.9332%
--------------------------
epoch: 22, lr: 0.0003074, loss: 0.5449
515.1229050999998
              precision    recall  f1-score   support

       awake   0.648649  0.648649  0.648649        37
      diaper   0.818182  0.857143  0.837209        21
         hug   0.687500  0.709677  0.698413        31
      hungry   0.656250  0.617647  0.636364        34

    accuracy                       0.691057       123
   macro avg   0.702645  0.708279  0.705159       123
weighted avg   0.689486  0.691057  0.689988       123

[[24  2  5  6]
 [ 2 18  1  0]
 [ 3  1 22  5]
 [ 8  1  4 21]]
The best result ----------
WA: 73.1707%, UA: 74.6865%, macro f1: 74.2302%, weighted f1: 72.9332%
--------------------------
epoch: 23, lr: 0.000292, loss: 0.5342
536.0512393999999
              precision    recall  f1-score   support

       awake   0.657143  0.621622  0.638889        37
      diaper   0.818182  0.857143  0.837209        21
         hug   0.741935  0.741935  0.741935        31
      hungry   0.657143  0.676471  0.666667        34

    accuracy                       0.707317       123
   macro avg   0.718601  0.724293  0.721175       123
weighted avg   0.706008  0.707317  0.706398       123

[[23  2  6  6]
 [ 2 18  0  1]
 [ 2  1 23  5]
 [ 8  1  2 23]]
The best result ----------
WA: 73.1707%, UA: 74.6865%, macro f1: 74.2302%, weighted f1: 72.9332%
--------------------------
epoch: 24, lr: 0.0002774, loss: 0.5223
556.9727286999998
              precision    recall  f1-score   support

       awake   0.615385  0.648649  0.631579        37
      diaper   0.850000  0.809524  0.829268        21
         hug   0.740741  0.645161  0.689655        31
      hungry   0.621622  0.676471  0.647887        34

    accuracy                       0.682927       123
   macro avg   0.706937  0.694951  0.699597       123
weighted avg   0.688759  0.682927  0.684476       123

[[24  1  5  7]
 [ 2 17  0  2]
 [ 5  1 20  5]
 [ 8  1  2 23]]
The best result ----------
WA: 73.1707%, UA: 74.6865%, macro f1: 74.2302%, weighted f1: 72.9332%
--------------------------
epoch: 25, lr: 0.0002635, loss: 0.5242
577.9424166999999
              precision    recall  f1-score   support

       awake   0.714286  0.675676  0.694444        37
      diaper   0.863636  0.904762  0.883721        21
         hug   0.766667  0.741935  0.754098        31
      hungry   0.694444  0.735294  0.714286        34

    accuracy                       0.747967       123
   macro avg   0.759758  0.764417  0.761637       123
weighted avg   0.747502  0.747967  0.747279       123

[[25  1  5  6]
 [ 2 19  0  0]
 [ 2  1 23  5]
 [ 6  1  2 25]]
The best result ----------
WA: 74.7967%, UA: 76.4417%, macro f1: 76.1637%, weighted f1: 74.7279%
--------------------------
epoch: 26, lr: 0.0002503, loss: 0.5329
599.0655819999998
              precision    recall  f1-score   support

       awake   0.666667  0.594595  0.628571        37
      diaper   0.826087  0.904762  0.863636        21
         hug   0.733333  0.709677  0.721311        31
      hungry   0.648649  0.705882  0.676056        34

    accuracy                       0.707317       123
   macro avg   0.718684  0.728729  0.722394       123
weighted avg   0.705706  0.707317  0.705204       123

[[22  2  5  8]
 [ 2 19  0  0]
 [ 3  1 22  5]
 [ 6  1  3 24]]
The best result ----------
WA: 74.7967%, UA: 76.4417%, macro f1: 76.1637%, weighted f1: 74.7279%
--------------------------
epoch: 27, lr: 0.0002378, loss: 0.5264
620.2747649999999
              precision    recall  f1-score   support

       awake   0.666667  0.702703  0.684211        37
      diaper   0.782609  0.857143  0.818182        21
         hug   0.687500  0.709677  0.698413        31
      hungry   0.620690  0.529412  0.571429        34

    accuracy                       0.682927       123
   macro avg   0.689366  0.699734  0.693058       123
weighted avg   0.679003  0.682927  0.679488       123

[[26  1  5  5]
 [ 2 18  0  1]
 [ 3  1 22  5]
 [ 8  3  5 18]]
The best result ----------
WA: 74.7967%, UA: 76.4417%, macro f1: 76.1637%, weighted f1: 74.7279%
--------------------------
epoch: 28, lr: 0.0002259, loss: 0.5249
641.8513376
              precision    recall  f1-score   support

       awake   0.702703  0.702703  0.702703        37
      diaper   0.900000  0.857143  0.878049        21
         hug   0.766667  0.741935  0.754098        31
      hungry   0.694444  0.735294  0.714286        34

    accuracy                       0.747967       123
   macro avg   0.765953  0.759269  0.762284       123
weighted avg   0.750226  0.747967  0.748795       123

[[26  0  5  6]
 [ 3 18  0  0]
 [ 2  1 23  5]
 [ 6  1  2 25]]
The best result ----------
WA: 74.7967%, UA: 76.4417%, macro f1: 76.1637%, weighted f1: 74.7279%
--------------------------
epoch: 29, lr: 0.0002146, loss: 0.5146
662.8978182999999
              precision    recall  f1-score   support

       awake   0.741935  0.621622  0.676471        37
      diaper   0.791667  0.904762  0.844444        21
         hug   0.766667  0.741935  0.754098        31
      hungry   0.631579  0.705882  0.666667        34

    accuracy                       0.723577       123
   macro avg   0.732962  0.743550  0.735420       123
weighted avg   0.726154  0.723577  0.722004       123

[[23  1  5  8]
 [ 1 19  0  1]
 [ 2  1 23  5]
 [ 5  3  2 24]]
The best result ----------
WA: 74.7967%, UA: 76.4417%, macro f1: 76.1637%, weighted f1: 74.7279%
--------------------------
epoch: 30, lr: 0.0002039, loss: 0.5263
684.0971755999999
              precision    recall  f1-score   support

       awake   0.675676  0.675676  0.675676        37
      diaper   0.739130  0.809524  0.772727        21
         hug   0.718750  0.741935  0.730159        31
      hungry   0.645161  0.588235  0.615385        34

    accuracy                       0.691057       123
   macro avg   0.694679  0.703843  0.698487       123
weighted avg   0.688931  0.691057  0.689311       123

[[25  2  5  5]
 [ 3 17  0  1]
 [ 2  1 23  5]
 [ 7  3  4 20]]
The best result ----------
WA: 74.7967%, UA: 76.4417%, macro f1: 76.1637%, weighted f1: 74.7279%
--------------------------
epoch: 31, lr: 0.0001937, loss: 0.524
705.4365324999999
              precision    recall  f1-score   support

       awake   0.694444  0.675676  0.684932        37
      diaper   0.857143  0.857143  0.857143        21
         hug   0.758621  0.709677  0.733333        31
      hungry   0.675676  0.735294  0.704225        34

    accuracy                       0.731707       123
   macro avg   0.746471  0.744448  0.744908       123
weighted avg   0.733209  0.731707  0.731866       123

[[25  1  5  6]
 [ 2 18  0  1]
 [ 3  1 22  5]
 [ 6  1  2 25]]
The best result ----------
WA: 74.7967%, UA: 76.4417%, macro f1: 76.1637%, weighted f1: 74.7279%
--------------------------
epoch: 32, lr: 0.000184, loss: 0.5027
726.8618742999998
              precision    recall  f1-score   support

       awake   0.676471  0.621622  0.647887        37
      diaper   0.782609  0.857143  0.818182        21
         hug   0.666667  0.774194  0.716418        31
      hungry   0.666667  0.588235  0.625000        34

    accuracy                       0.691057       123
   macro avg   0.698103  0.710298  0.701872       123
weighted avg   0.689411  0.691057  0.687907       123

[[23  2  7  5]
 [ 2 18  0  1]
 [ 2  1 24  4]
 [ 7  2  5 20]]
The best result ----------
WA: 74.7967%, UA: 76.4417%, macro f1: 76.1637%, weighted f1: 74.7279%
--------------------------
epoch: 33, lr: 0.0001748, loss: 0.5136
747.9372035999997
              precision    recall  f1-score   support

       awake   0.714286  0.675676  0.694444        37
      diaper   0.818182  0.857143  0.837209        21
         hug   0.718750  0.741935  0.730159        31
      hungry   0.647059  0.647059  0.647059        34

    accuracy                       0.715447       123
   macro avg   0.724569  0.730453  0.727218       123
weighted avg   0.714566  0.715447  0.714722       123

[[25  1  5  6]
 [ 2 18  0  1]
 [ 2  1 23  5]
 [ 6  2  4 22]]
The best result ----------
WA: 74.7967%, UA: 76.4417%, macro f1: 76.1637%, weighted f1: 74.7279%
--------------------------
epoch: 34, lr: 0.0001661, loss: 0.4891
778.6636531999998
              precision    recall  f1-score   support

       awake   0.727273  0.648649  0.685714        37
      diaper   0.818182  0.857143  0.837209        21
         hug   0.741935  0.741935  0.741935        31
      hungry   0.675676  0.735294  0.704225        34

    accuracy                       0.731707       123
   macro avg   0.740766  0.745755  0.742271       123
weighted avg   0.732227  0.731707  0.730866       123

[[24  2  5  6]
 [ 2 18  0  1]
 [ 2  1 23  5]
 [ 5  1  3 25]]
The best result ----------
WA: 74.7967%, UA: 76.4417%, macro f1: 76.1637%, weighted f1: 74.7279%
--------------------------
epoch: 35, lr: 0.0001578, loss: 0.5197
812.6586576999997
              precision    recall  f1-score   support

       awake   0.766667  0.621622  0.686567        37
      diaper   0.769231  0.952381  0.851064        21
         hug   0.741935  0.741935  0.741935        31
      hungry   0.694444  0.735294  0.714286        34

    accuracy                       0.739837       123
   macro avg   0.743069  0.762808  0.748463       123
weighted avg   0.740908  0.739837  0.736269       123

[[23  2  6  6]
 [ 1 20  0  0]
 [ 2  1 23  5]
 [ 4  3  2 25]]
The best result ----------
WA: 74.7967%, UA: 76.4417%, macro f1: 76.1637%, weighted f1: 74.7279%
--------------------------
epoch: 36, lr: 0.0001499, loss: 0.5125
849.0348728999996
              precision    recall  f1-score   support

       awake   0.694444  0.675676  0.684932        37
      diaper   0.857143  0.857143  0.857143        21
         hug   0.687500  0.709677  0.698413        31
      hungry   0.676471  0.676471  0.676471        34

    accuracy                       0.715447       123
   macro avg   0.728889  0.729742  0.729239       123
weighted avg   0.715504  0.715447  0.715392       123

[[25  1  6  5]
 [ 2 18  0  1]
 [ 3  1 22  5]
 [ 6  1  4 23]]
The best result ----------
WA: 74.7967%, UA: 76.4417%, macro f1: 76.1637%, weighted f1: 74.7279%
--------------------------
epoch: 37, lr: 0.0001424, loss: 0.5026
884.1390547999998
              precision    recall  f1-score   support

       awake   0.722222  0.702703  0.712329        37
      diaper   0.818182  0.857143  0.837209        21
         hug   0.733333  0.709677  0.721311        31
      hungry   0.685714  0.705882  0.695652        34

    accuracy                       0.731707       123
   macro avg   0.739863  0.743851  0.741625       123
weighted avg   0.731314  0.731707  0.731304       123

[[26  1  5  5]
 [ 2 18  0  1]
 [ 2  2 22  5]
 [ 6  1  3 24]]
The best result ----------
WA: 74.7967%, UA: 76.4417%, macro f1: 76.1637%, weighted f1: 74.7279%
--------------------------
epoch: 38, lr: 0.0001353, loss: 0.5085
913.4323491999997
              precision    recall  f1-score   support

       awake   0.727273  0.648649  0.685714        37
      diaper   0.739130  0.809524  0.772727        21
         hug   0.718750  0.741935  0.730159        31
      hungry   0.657143  0.676471  0.666667        34

    accuracy                       0.707317       123
   macro avg   0.710574  0.719145  0.713817       123
weighted avg   0.707764  0.707317  0.706506       123

[[24  2  5  6]
 [ 3 17  0  1]
 [ 2  1 23  5]
 [ 4  3  4 23]]
The best result ----------
WA: 74.7967%, UA: 76.4417%, macro f1: 76.1637%, weighted f1: 74.7279%
--------------------------
epoch: 39, lr: 0.0001285, loss: 0.5106
934.5600783999997
              precision    recall  f1-score   support

       awake   0.641026  0.675676  0.657895        37
      diaper   0.818182  0.857143  0.837209        21
         hug   0.714286  0.645161  0.677966        31
      hungry   0.676471  0.676471  0.676471        34

    accuracy                       0.699187       123
   macro avg   0.712491  0.713613  0.712385       123
weighted avg   0.699534  0.699187  0.698703       123

[[25  2  5  5]
 [ 2 18  0  1]
 [ 5  1 20  5]
 [ 7  1  3 23]]
The best result ----------
WA: 74.7967%, UA: 76.4417%, macro f1: 76.1637%, weighted f1: 74.7279%
--------------------------
epoch: 40, lr: 0.0001221, loss: 0.5076
956.0853255999997
              precision    recall  f1-score   support

       awake   0.694444  0.675676  0.684932        37
      diaper   0.850000  0.809524  0.829268        21
         hug   0.733333  0.709677  0.721311        31
      hungry   0.621622  0.676471  0.647887        34

    accuracy                       0.707317       123
   macro avg   0.724850  0.717837  0.720850       123
weighted avg   0.710674  0.707317  0.708503       123

[[25  1  5  6]
 [ 2 17  0  2]
 [ 2  1 22  6]
 [ 7  1  3 23]]
The best result ----------
WA: 74.7967%, UA: 76.4417%, macro f1: 76.1637%, weighted f1: 74.7279%
--------------------------
epoch: 41, lr: 0.000116, loss: 0.4985
977.2661821999997
              precision    recall  f1-score   support

       awake   0.666667  0.648649  0.657534        37
      diaper   0.818182  0.857143  0.837209        21
         hug   0.733333  0.709677  0.721311        31
      hungry   0.628571  0.647059  0.637681        34

    accuracy                       0.699187       123
   macro avg   0.711688  0.715632  0.713434       123
weighted avg   0.698807  0.699187  0.698797       123

[[24  2  5  6]
 [ 2 18  0  1]
 [ 2  1 22  6]
 [ 8  1  3 22]]
The best result ----------
WA: 74.7967%, UA: 76.4417%, macro f1: 76.1637%, weighted f1: 74.7279%
--------------------------
epoch: 42, lr: 0.0001102, loss: 0.5014
998.9688092999996
              precision    recall  f1-score   support

       awake   0.714286  0.675676  0.694444        37
      diaper   0.857143  0.857143  0.857143        21
         hug   0.766667  0.741935  0.754098        31
      hungry   0.675676  0.735294  0.704225        34

    accuracy                       0.739837       123
   macro avg   0.753443  0.752512  0.752478       123
weighted avg   0.741205  0.739837  0.739961       123

[[25  1  5  6]
 [ 2 18  0  1]
 [ 2  1 23  5]
 [ 6  1  2 25]]
The best result ----------
WA: 74.7967%, UA: 76.4417%, macro f1: 76.1637%, weighted f1: 74.7279%
--------------------------
epoch: 43, lr: 0.0001047, loss: 0.5091
1019.8726441999996
              precision    recall  f1-score   support

       awake   0.694444  0.675676  0.684932        37
      diaper   0.857143  0.857143  0.857143        21
         hug   0.733333  0.709677  0.721311        31
      hungry   0.638889  0.676471  0.657143        34

    accuracy                       0.715447       123
   macro avg   0.730952  0.729742  0.730132       123
weighted avg   0.716667  0.715447  0.715821       123

[[25  1  5  6]
 [ 2 18  0  1]
 [ 2  1 22  6]
 [ 7  1  3 23]]
The best result ----------
WA: 74.7967%, UA: 76.4417%, macro f1: 76.1637%, weighted f1: 74.7279%
--------------------------
epoch: 44, lr: 9.944e-05, loss: 0.4894
1041.3212932999995
              precision    recall  f1-score   support

       awake   0.735294  0.675676  0.704225        37
      diaper   0.791667  0.904762  0.844444        21
         hug   0.733333  0.709677  0.721311        31
      hungry   0.685714  0.705882  0.695652        34

    accuracy                       0.731707       123
   macro avg   0.736502  0.748999  0.741408       123
weighted avg   0.730720  0.731707  0.730102       123

[[25  2  5  5]
 [ 1 19  0  1]
 [ 2  2 22  5]
 [ 6  1  3 24]]
The best result ----------
WA: 74.7967%, UA: 76.4417%, macro f1: 76.1637%, weighted f1: 74.7279%
--------------------------
epoch: 45, lr: 9.447e-05, loss: 0.4944
1062.7596191999996
              precision    recall  f1-score   support

       awake   0.675676  0.675676  0.675676        37
      diaper   0.818182  0.857143  0.837209        21
         hug   0.700000  0.677419  0.688525        31
      hungry   0.705882  0.705882  0.705882        34

    accuracy                       0.715447       123
   macro avg   0.724935  0.729030  0.726823       123
weighted avg   0.714486  0.715447  0.714843       123

[[25  2  6  4]
 [ 2 18  0  1]
 [ 4  1 21  5]
 [ 6  1  3 24]]
The best result ----------
WA: 74.7967%, UA: 76.4417%, macro f1: 76.1637%, weighted f1: 74.7279%
--------------------------
epoch: 46, lr: 8.974e-05, loss: 0.4961
1083.9110510999997
              precision    recall  f1-score   support

       awake   0.714286  0.675676  0.694444        37
      diaper   0.818182  0.857143  0.837209        21
         hug   0.741935  0.741935  0.741935        31
      hungry   0.657143  0.676471  0.666667        34

    accuracy                       0.723577       123
   macro avg   0.732886  0.737806  0.735064       123
weighted avg   0.723197  0.723577  0.723110       123

[[25  1  5  6]
 [ 2 18  0  1]
 [ 2  1 23  5]
 [ 6  2  3 23]]
The best result ----------
WA: 74.7967%, UA: 76.4417%, macro f1: 76.1637%, weighted f1: 74.7279%
--------------------------
epoch: 47, lr: 8.526e-05, loss: 0.4989
1105.2304512999997
              precision    recall  f1-score   support

       awake   0.675676  0.675676  0.675676        37
      diaper   0.850000  0.809524  0.829268        21
         hug   0.718750  0.741935  0.730159        31
      hungry   0.647059  0.647059  0.647059        34

    accuracy                       0.707317       123
   macro avg   0.722871  0.718548  0.720540       123
weighted avg   0.708384  0.707317  0.707720       123

[[25  1  5  6]
 [ 3 17  0  1]
 [ 2  1 23  5]
 [ 7  1  4 22]]
The best result ----------
WA: 74.7967%, UA: 76.4417%, macro f1: 76.1637%, weighted f1: 74.7279%
--------------------------
epoch: 48, lr: 8.099e-05, loss: 0.4979
1126.5742481999996
              precision    recall  f1-score   support

       awake   0.727273  0.648649  0.685714        37
      diaper   0.900000  0.857143  0.878049        21
         hug   0.733333  0.709677  0.721311        31
      hungry   0.650000  0.764706  0.702703        34

    accuracy                       0.731707       123
   macro avg   0.752652  0.745044  0.746944       123
weighted avg   0.736930  0.731707  0.732220       123

[[24  1  5  7]
 [ 2 18  0  1]
 [ 2  1 22  6]
 [ 5  0  3 26]]
The best result ----------
WA: 74.7967%, UA: 76.4417%, macro f1: 76.1637%, weighted f1: 74.7279%
--------------------------
epoch: 49, lr: 7.694e-05, loss: 0.4892
1147.5288155999997
              precision    recall  f1-score   support

       awake   0.684211  0.702703  0.693333        37
      diaper   0.809524  0.809524  0.809524        21
         hug   0.733333  0.709677  0.721311        31
      hungry   0.705882  0.705882  0.705882        34

    accuracy                       0.723577       123
   macro avg   0.733238  0.731947  0.732513       123
weighted avg   0.723977  0.723577  0.723691       123

[[26  2  5  4]
 [ 3 17  0  1]
 [ 3  1 22  5]
 [ 6  1  3 24]]
The best result ----------
WA: 74.7967%, UA: 76.4417%, macro f1: 76.1637%, weighted f1: 74.7279%
--------------------------
epoch: 0, lr: 0.00095, loss: 1.523
7.4270856
              precision    recall  f1-score   support

       awake   0.333333  0.733333  0.458333        30
      diaper   0.000000  0.000000  0.000000        23
         hug   0.380952  0.500000  0.432432        32
      hungry   0.538462  0.184211  0.274510        38

    accuracy                       0.365854       123
   macro avg   0.313187  0.354386  0.291319       123
weighted avg   0.346764  0.365854  0.309099       123

[[22  0  6  2]
 [13  0  8  2]
 [13  1 16  2]
 [18  1 12  7]]
The best result ----------
WA: 36.5854%, UA: 35.4386%, macro f1: 29.1319%, weighted f1: 30.9099%
--------------------------
epoch: 1, lr: 0.0009025, loss: 1.317
11.9752006
              precision    recall  f1-score   support

       awake   0.351852  0.633333  0.452381        30
      diaper   0.323529  0.478261  0.385965        23
         hug   0.409091  0.281250  0.333333        32
      hungry   0.307692  0.105263  0.156863        38

    accuracy                       0.349593       123
   macro avg   0.348041  0.374527  0.332135       123
weighted avg   0.347804  0.349593  0.317692       123

[[19  4  5  2]
 [ 8 11  0  4]
 [12  8  9  3]
 [15 11  8  4]]
The best result ----------
WA: 34.9593%, UA: 37.4527%, macro f1: 33.2135%, weighted f1: 31.7692%
--------------------------
epoch: 2, lr: 0.0008574, loss: 1.259
16.536989200000004
              precision    recall  f1-score   support

       awake   0.400000  0.333333  0.363636        30
      diaper   0.750000  0.130435  0.222222        23
         hug   0.666667  0.187500  0.292683        32
      hungry   0.388235  0.868421  0.536585        38

    accuracy                       0.422764       123
   macro avg   0.551225  0.379922  0.353782       123
weighted avg   0.531189  0.422764  0.372165       123

[[10  0  2 18]
 [ 4  3  0 16]
 [ 7  1  6 18]
 [ 4  0  1 33]]
The best result ----------
WA: 42.2764%, UA: 37.9922%, macro f1: 35.3782%, weighted f1: 37.2165%
--------------------------
epoch: 3, lr: 0.0008145, loss: 1.187
21.0540425
              precision    recall  f1-score   support

       awake   0.538462  0.233333  0.325581        30
      diaper   0.454545  0.652174  0.535714        23
         hug   0.452830  0.750000  0.564706        32
      hungry   0.666667  0.421053  0.516129        38

    accuracy                       0.504065       123
   macro avg   0.528126  0.514140  0.485533       123
weighted avg   0.540100  0.504065  0.485954       123

[[ 7 10 10  3]
 [ 2 15  4  2]
 [ 3  2 24  3]
 [ 1  6 15 16]]
The best result ----------
WA: 50.4065%, UA: 51.4140%, macro f1: 48.5533%, weighted f1: 48.5954%
--------------------------
epoch: 4, lr: 0.0007738, loss: 1.129
25.701079800000002
              precision    recall  f1-score   support

       awake   0.571429  0.400000  0.470588        30
      diaper   0.727273  0.347826  0.470588        23
         hug   0.619048  0.812500  0.702703        32
      hungry   0.530612  0.684211  0.597701        38

    accuracy                       0.585366       123
   macro avg   0.612090  0.561134  0.560395       123
weighted avg   0.600349  0.585366  0.570246       123

[[12  1  6 11]
 [ 5  8  2  8]
 [ 1  1 26  4]
 [ 3  1  8 26]]
The best result ----------
WA: 58.5366%, UA: 56.1134%, macro f1: 56.0395%, weighted f1: 57.0246%
--------------------------
epoch: 5, lr: 0.0007351, loss: 1.072
30.406341200000007
              precision    recall  f1-score   support

       awake   0.823529  0.466667  0.595745        30
      diaper   0.548387  0.739130  0.629630        23
         hug   0.537037  0.906250  0.674419        32
      hungry   0.619048  0.342105  0.440678        38

    accuracy                       0.593496       123
   macro avg   0.632000  0.613538  0.585118       123
weighted avg   0.634372  0.593496  0.574642       123

[[14  7  4  5]
 [ 1 17  3  2]
 [ 1  1 29  1]
 [ 1  6 18 13]]
The best result ----------
WA: 59.3496%, UA: 61.3538%, macro f1: 58.5118%, weighted f1: 57.4642%
--------------------------
epoch: 6, lr: 0.0006983, loss: 0.9954
34.95025220000001
              precision    recall  f1-score   support

       awake   0.636364  0.466667  0.538462        30
      diaper   0.800000  0.695652  0.744186        23
         hug   0.489796  0.750000  0.592593        32
      hungry   0.593750  0.500000  0.542857        38

    accuracy                       0.593496       123
   macro avg   0.629977  0.603080  0.604524       123
weighted avg   0.615666  0.593496  0.592371       123

[[14  1  6  9]
 [ 3 16  2  2]
 [ 5  1 24  2]
 [ 0  2 17 19]]
The best result ----------
WA: 59.3496%, UA: 61.3538%, macro f1: 58.5118%, weighted f1: 57.4642%
--------------------------
epoch: 7, lr: 0.0006634, loss: 0.9295
39.5028689
              precision    recall  f1-score   support

       awake   0.593750  0.633333  0.612903        30
      diaper   0.800000  0.521739  0.631579        23
         hug   0.555556  0.781250  0.649351        32
      hungry   0.709677  0.578947  0.637681        38

    accuracy                       0.634146       123
   macro avg   0.664746  0.628817  0.632878       123
weighted avg   0.658195  0.634146  0.633533       123

[[19  0  7  4]
 [ 4 12  3  4]
 [ 5  1 25  1]
 [ 4  2 10 22]]
The best result ----------
WA: 63.4146%, UA: 62.8817%, macro f1: 63.2878%, weighted f1: 63.3533%
--------------------------
epoch: 8, lr: 0.0006302, loss: 0.9143
44.02978830000001
              precision    recall  f1-score   support

       awake   0.606061  0.666667  0.634921        30
      diaper   0.777778  0.608696  0.682927        23
         hug   0.722222  0.812500  0.764706        32
      hungry   0.611111  0.578947  0.594595        38

    accuracy                       0.666667       123
   macro avg   0.679293  0.666702  0.669287       123
weighted avg   0.669952  0.666667  0.665204       123

[[20  1  1  8]
 [ 3 14  1  5]
 [ 4  1 26  1]
 [ 6  2  8 22]]
The best result ----------
WA: 66.6667%, UA: 66.6702%, macro f1: 66.9287%, weighted f1: 66.5204%
--------------------------
epoch: 9, lr: 0.0005987, loss: 0.8511
48.57626650000001
              precision    recall  f1-score   support

       awake   0.527778  0.633333  0.575758        30
      diaper   0.714286  0.652174  0.681818        23
         hug   0.631579  0.750000  0.685714        32
      hungry   0.821429  0.605263  0.696970        38

    accuracy                       0.658537       123
   macro avg   0.673768  0.660193  0.660065       123
weighted avg   0.680380  0.658537  0.661644       123

[[19  4  4  3]
 [ 5 15  2  1]
 [ 6  1 24  1]
 [ 6  1  8 23]]
The best result ----------
WA: 66.6667%, UA: 66.6702%, macro f1: 66.9287%, weighted f1: 66.5204%
--------------------------
epoch: 10, lr: 0.0005688, loss: 0.8
53.10398070000001
              precision    recall  f1-score   support

       awake   0.625000  0.666667  0.645161        30
      diaper   0.764706  0.565217  0.650000        23
         hug   0.658537  0.843750  0.739726        32
      hungry   0.787879  0.684211  0.732394        38

    accuracy                       0.699187       123
   macro avg   0.709030  0.689961  0.691820       123
weighted avg   0.710169  0.699187  0.697618       123

[[20  3  2  5]
 [ 5 13  3  2]
 [ 5  0 27  0]
 [ 2  1  9 26]]
The best result ----------
WA: 69.9187%, UA: 68.9961%, macro f1: 69.1820%, weighted f1: 69.7618%
--------------------------
epoch: 11, lr: 0.0005404, loss: 0.755
57.65260760000001
              precision    recall  f1-score   support

       awake   0.645161  0.666667  0.655738        30
      diaper   0.736842  0.608696  0.666667        23
         hug   0.658537  0.843750  0.739726        32
      hungry   0.718750  0.605263  0.657143        38

    accuracy                       0.682927       123
   macro avg   0.689822  0.681094  0.679818       123
weighted avg   0.688519  0.682927  0.680066       123

[[20  3  2  5]
 [ 4 14  2  3]
 [ 3  1 27  1]
 [ 4  1 10 23]]
The best result ----------
WA: 69.9187%, UA: 68.9961%, macro f1: 69.1820%, weighted f1: 69.7618%
--------------------------
epoch: 12, lr: 0.0005133, loss: 0.7299
62.18769240000002
              precision    recall  f1-score   support

       awake   0.523810  0.733333  0.611111        30
      diaper   0.789474  0.652174  0.714286        23
         hug   0.807692  0.656250  0.724138        32
      hungry   0.722222  0.684211  0.702703        38

    accuracy                       0.682927       123
   macro avg   0.710799  0.681492  0.688059       123
weighted avg   0.708640  0.682927  0.688106       123

[[22  1  0  7]
 [ 5 15  1  2]
 [ 9  1 21  1]
 [ 6  2  4 26]]
The best result ----------
WA: 69.9187%, UA: 68.9961%, macro f1: 69.1820%, weighted f1: 69.7618%
--------------------------
epoch: 13, lr: 0.0004877, loss: 0.6769
66.71119770000001
              precision    recall  f1-score   support

       awake   0.534884  0.766667  0.630137        30
      diaper   0.928571  0.565217  0.702703        23
         hug   0.766667  0.718750  0.741935        32
      hungry   0.805556  0.763158  0.783784        38

    accuracy                       0.715447       123
   macro avg   0.758919  0.703448  0.714640       123
weighted avg   0.752424  0.715447  0.720260       123

[[23  1  1  5]
 [ 7 13  1  2]
 [ 9  0 23  0]
 [ 4  0  5 29]]
The best result ----------
WA: 71.5447%, UA: 70.3448%, macro f1: 71.4640%, weighted f1: 72.0260%
--------------------------
epoch: 14, lr: 0.0004633, loss: 0.7
71.21743200000002
              precision    recall  f1-score   support

       awake   0.606061  0.666667  0.634921        30
      diaper   0.727273  0.695652  0.711111        23
         hug   0.675000  0.843750  0.750000        32
      hungry   0.785714  0.578947  0.666667        38

    accuracy                       0.691057       123
   macro avg   0.698512  0.696254  0.690675       123
weighted avg   0.702165  0.691057  0.688915       123

[[20  4  1  5]
 [ 3 16  3  1]
 [ 4  1 27  0]
 [ 6  1  9 22]]
The best result ----------
WA: 71.5447%, UA: 70.3448%, macro f1: 71.4640%, weighted f1: 72.0260%
--------------------------
epoch: 15, lr: 0.0004401, loss: 0.6679
75.74805410000002
              precision    recall  f1-score   support

       awake   0.571429  0.533333  0.551724        30
      diaper   0.800000  0.521739  0.631579        23
         hug   0.613636  0.843750  0.710526        32
      hungry   0.777778  0.736842  0.756757        38

    accuracy                       0.674797       123
   macro avg   0.690711  0.658916  0.662647       123
weighted avg   0.688901  0.674797  0.671314       123

[[16  3  5  6]
 [ 5 12  4  2]
 [ 5  0 27  0]
 [ 2  0  8 28]]
The best result ----------
WA: 71.5447%, UA: 70.3448%, macro f1: 71.4640%, weighted f1: 72.0260%
--------------------------
epoch: 16, lr: 0.0004181, loss: 0.6542
80.27377690000002
              precision    recall  f1-score   support

       awake   0.621622  0.766667  0.686567        30
      diaper   0.761905  0.695652  0.727273        23
         hug   0.714286  0.781250  0.746269        32
      hungry   0.900000  0.710526  0.794118        38

    accuracy                       0.739837       123
   macro avg   0.749453  0.738524  0.738557       123
weighted avg   0.757964  0.739837  0.742938       123

[[23  3  2  2]
 [ 4 16  2  1]
 [ 6  1 25  0]
 [ 4  1  6 27]]
The best result ----------
WA: 73.9837%, UA: 73.8524%, macro f1: 73.8557%, weighted f1: 74.2938%
--------------------------
epoch: 17, lr: 0.0003972, loss: 0.6199
84.81056390000002
              precision    recall  f1-score   support

       awake   0.613636  0.900000  0.729730        30
      diaper   0.842105  0.695652  0.761905        23
         hug   0.750000  0.750000  0.750000        32
      hungry   0.928571  0.684211  0.787879        38

    accuracy                       0.756098       123
   macro avg   0.783578  0.757466  0.757378       123
weighted avg   0.789132  0.756098  0.758985       123

[[27  2  0  1]
 [ 4 16  2  1]
 [ 8  0 24  0]
 [ 5  1  6 26]]
The best result ----------
WA: 75.6098%, UA: 75.7466%, macro f1: 75.7378%, weighted f1: 75.8985%
--------------------------
epoch: 18, lr: 0.0003774, loss: 0.6045
89.37595770000001
              precision    recall  f1-score   support

       awake   0.675676  0.833333  0.746269        30
      diaper   0.850000  0.739130  0.790698        23
         hug   0.742857  0.812500  0.776119        32
      hungry   0.870968  0.710526  0.782609        38

    accuracy                       0.772358       123
   macro avg   0.784875  0.773873  0.773924       123
weighted avg   0.786085  0.772358  0.773570       123

[[25  2  0  3]
 [ 3 17  2  1]
 [ 5  1 26  0]
 [ 4  0  7 27]]
The best result ----------
WA: 77.2358%, UA: 77.3873%, macro f1: 77.3924%, weighted f1: 77.3570%
--------------------------
epoch: 19, lr: 0.0003585, loss: 0.5796
93.96347150000001
              precision    recall  f1-score   support

       awake   0.608696  0.933333  0.736842        30
      diaper   0.789474  0.652174  0.714286        23
         hug   0.666667  0.750000  0.705882        32
      hungry   0.909091  0.526316  0.666667        38

    accuracy                       0.707317       123
   macro avg   0.743482  0.715456  0.705919       123
weighted avg   0.750387  0.707317  0.702889       123

[[28  1  0  1]
 [ 4 15  3  1]
 [ 6  2 24  0]
 [ 8  1  9 20]]
The best result ----------
WA: 77.2358%, UA: 77.3873%, macro f1: 77.3924%, weighted f1: 77.3570%
--------------------------
epoch: 20, lr: 0.0003406, loss: 0.6277
98.5570117
              precision    recall  f1-score   support

       awake   0.675676  0.833333  0.746269        30
      diaper   0.888889  0.695652  0.780488        23
         hug   0.666667  0.812500  0.732394        32
      hungry   0.896552  0.684211  0.776119        38

    accuracy                       0.756098       123
   macro avg   0.781946  0.756424  0.758818       123
weighted avg   0.781439  0.756098  0.758280       123

[[25  1  2  2]
 [ 3 16  3  1]
 [ 6  0 26  0]
 [ 3  1  8 26]]
The best result ----------
WA: 77.2358%, UA: 77.3873%, macro f1: 77.3924%, weighted f1: 77.3570%
--------------------------
epoch: 21, lr: 0.0003235, loss: 0.5667
103.1434497
              precision    recall  f1-score   support

       awake   0.627907  0.900000  0.739726        30
      diaper   0.888889  0.695652  0.780488        23
         hug   0.800000  0.750000  0.774194        32
      hungry   0.875000  0.736842  0.800000        38

    accuracy                       0.772358       123
   macro avg   0.797949  0.770624  0.773602       123
weighted avg   0.797818  0.772358  0.774937       123

[[27  1  0  2]
 [ 4 16  2  1]
 [ 6  1 24  1]
 [ 6  0  4 28]]
The best result ----------
WA: 77.2358%, UA: 77.3873%, macro f1: 77.3924%, weighted f1: 77.3570%
--------------------------
epoch: 22, lr: 0.0003074, loss: 0.5876
107.71489150000001
              precision    recall  f1-score   support

       awake   0.540000  0.900000  0.675000        30
      diaper   0.882353  0.652174  0.750000        23
         hug   0.750000  0.750000  0.750000        32
      hungry   0.958333  0.605263  0.741935        38

    accuracy                       0.723577       123
   macro avg   0.782672  0.726859  0.729234       123
weighted avg   0.787893  0.723577  0.729216       123

[[27  2  0  1]
 [ 6 15  2  0]
 [ 8  0 24  0]
 [ 9  0  6 23]]
The best result ----------
WA: 77.2358%, UA: 77.3873%, macro f1: 77.3924%, weighted f1: 77.3570%
--------------------------
epoch: 23, lr: 0.000292, loss: 0.5824
112.27682460000001
              precision    recall  f1-score   support

       awake   0.641026  0.833333  0.724638        30
      diaper   1.000000  0.608696  0.756757        23
         hug   0.675000  0.843750  0.750000        32
      hungry   0.866667  0.684211  0.764706        38

    accuracy                       0.747967       123
   macro avg   0.795673  0.742497  0.749025       123
weighted avg   0.786700  0.747967  0.749621       123

[[25  0  2  3]
 [ 4 14  4  1]
 [ 5  0 27  0]
 [ 5  0  7 26]]
The best result ----------
WA: 77.2358%, UA: 77.3873%, macro f1: 77.3924%, weighted f1: 77.3570%
--------------------------
epoch: 24, lr: 0.0002774, loss: 0.5092
116.85044810000001
              precision    recall  f1-score   support

       awake   0.641026  0.833333  0.724638        30
      diaper   1.000000  0.652174  0.789474        23
         hug   0.710526  0.843750  0.771429        32
      hungry   0.870968  0.710526  0.782609        38

    accuracy                       0.764228       123
   macro avg   0.805630  0.759946  0.767037       123
weighted avg   0.797271  0.764228  0.766844       123

[[25  0  2  3]
 [ 4 15  3  1]
 [ 5  0 27  0]
 [ 5  0  6 27]]
The best result ----------
WA: 77.2358%, UA: 77.3873%, macro f1: 77.3924%, weighted f1: 77.3570%
--------------------------
epoch: 25, lr: 0.0002635, loss: 0.5613
121.4394438
              precision    recall  f1-score   support

       awake   0.645161  0.666667  0.655738        30
      diaper   0.789474  0.652174  0.714286        23
         hug   0.658537  0.843750  0.739726        32
      hungry   0.812500  0.684211  0.742857        38

    accuracy                       0.715447       123
   macro avg   0.726418  0.711700  0.713152       123
weighted avg   0.727324  0.715447  0.715451       123

[[20  3  4  3]
 [ 2 15  3  3]
 [ 4  1 27  0]
 [ 5  0  7 26]]
The best result ----------
WA: 77.2358%, UA: 77.3873%, macro f1: 77.3924%, weighted f1: 77.3570%
--------------------------
epoch: 26, lr: 0.0002503, loss: 0.6009
126.02389990000002
              precision    recall  f1-score   support

       awake   0.615385  0.800000  0.695652        30
      diaper   0.941176  0.695652  0.800000        23
         hug   0.694444  0.781250  0.735294        32
      hungry   0.870968  0.710526  0.782609        38

    accuracy                       0.747967       123
   macro avg   0.780493  0.746857  0.753389       123
weighted avg   0.775834  0.747967  0.752342       123

[[24  0  3  3]
 [ 4 16  2  1]
 [ 6  1 25  0]
 [ 5  0  6 27]]
The best result ----------
WA: 77.2358%, UA: 77.3873%, macro f1: 77.3924%, weighted f1: 77.3570%
--------------------------
epoch: 27, lr: 0.0002378, loss: 0.5215
130.61205800000005
              precision    recall  f1-score   support

       awake   0.666667  0.733333  0.698413        30
      diaper   0.750000  0.782609  0.765957        23
         hug   0.685714  0.750000  0.716418        32
      hungry   0.838710  0.684211  0.753623        38

    accuracy                       0.731707       123
   macro avg   0.735273  0.737538  0.733603       123
weighted avg   0.740356  0.731707  0.732784       123

[[22  3  2  3]
 [ 2 18  1  2]
 [ 6  2 24  0]
 [ 3  1  8 26]]
The best result ----------
WA: 77.2358%, UA: 77.3873%, macro f1: 77.3924%, weighted f1: 77.3570%
--------------------------
epoch: 28, lr: 0.0002259, loss: 0.5294
135.17696830000006
              precision    recall  f1-score   support

       awake   0.685714  0.800000  0.738462        30
      diaper   0.842105  0.695652  0.761905        23
         hug   0.702703  0.812500  0.753623        32
      hungry   0.843750  0.710526  0.771429        38

    accuracy                       0.756098       123
   macro avg   0.768568  0.754670  0.756355       123
weighted avg   0.768202  0.756098  0.756975       123

[[24  1  2  3]
 [ 2 16  3  2]
 [ 5  1 26  0]
 [ 4  1  6 27]]
The best result ----------
WA: 77.2358%, UA: 77.3873%, macro f1: 77.3924%, weighted f1: 77.3570%
--------------------------
epoch: 29, lr: 0.0002146, loss: 0.5191
139.75398800000005
              precision    recall  f1-score   support

       awake   0.676471  0.766667  0.718750        30
      diaper   0.941176  0.695652  0.800000        23
         hug   0.609756  0.781250  0.684932        32
      hungry   0.838710  0.684211  0.753623        38

    accuracy                       0.731707       123
   macro avg   0.766528  0.731945  0.739326       123
weighted avg   0.758734  0.731707  0.735919       123

[[23  0  4  3]
 [ 2 16  3  2]
 [ 7  0 25  0]
 [ 2  1  9 26]]
The best result ----------
WA: 77.2358%, UA: 77.3873%, macro f1: 77.3924%, weighted f1: 77.3570%
--------------------------
epoch: 30, lr: 0.0002039, loss: 0.5113
144.31426710000005
              precision    recall  f1-score   support

       awake   0.727273  0.800000  0.761905        30
      diaper   0.826087  0.826087  0.826087        23
         hug   0.756757  0.875000  0.811594        32
      hungry   0.833333  0.657895  0.735294        38

    accuracy                       0.780488       123
   macro avg   0.785862  0.789745  0.783720       123
weighted avg   0.786188  0.780488  0.778612       123

[[24  2  0  4]
 [ 1 19  2  1]
 [ 2  2 28  0]
 [ 6  0  7 25]]
The best result ----------
WA: 78.0488%, UA: 78.9745%, macro f1: 78.3720%, weighted f1: 77.8612%
--------------------------
epoch: 31, lr: 0.0001937, loss: 0.5325
148.89037810000005
              precision    recall  f1-score   support

       awake   0.594595  0.733333  0.656716        30
      diaper   1.000000  0.652174  0.789474        23
         hug   0.666667  0.750000  0.705882        32
      hungry   0.800000  0.736842  0.767123        38

    accuracy                       0.723577       123
   macro avg   0.765315  0.718087  0.729799       123
weighted avg   0.752611  0.723577  0.728442       123

[[22  0  3  5]
 [ 4 15  2  2]
 [ 8  0 24  0]
 [ 3  0  7 28]]
The best result ----------
WA: 78.0488%, UA: 78.9745%, macro f1: 78.3720%, weighted f1: 77.8612%
--------------------------
epoch: 32, lr: 0.000184, loss: 0.5471
153.44788830000005
              precision    recall  f1-score   support

       awake   0.689655  0.666667  0.677966        30
      diaper   0.937500  0.652174  0.769231        23
         hug   0.675000  0.843750  0.750000        32
      hungry   0.763158  0.763158  0.763158        38

    accuracy                       0.739837       123
   macro avg   0.766328  0.731437  0.740089       123
weighted avg   0.754896  0.739837  0.740092       123

[[20  0  5  5]
 [ 3 15  1  4]
 [ 4  1 27  0]
 [ 2  0  7 29]]
The best result ----------
WA: 78.0488%, UA: 78.9745%, macro f1: 78.3720%, weighted f1: 77.8612%
--------------------------
epoch: 33, lr: 0.0001748, loss: 0.5185
158.02220760000003
              precision    recall  f1-score   support

       awake   0.666667  0.733333  0.698413        30
      diaper   0.833333  0.652174  0.731707        23
         hug   0.675000  0.843750  0.750000        32
      hungry   0.812500  0.684211  0.742857        38

    accuracy                       0.731707       123
   macro avg   0.746875  0.728367  0.730744       123
weighted avg   0.745054  0.731707  0.731790       123

[[22  2  2  4]
 [ 3 15  3  2]
 [ 4  1 27  0]
 [ 4  0  8 26]]
The best result ----------
WA: 78.0488%, UA: 78.9745%, macro f1: 78.3720%, weighted f1: 77.8612%
--------------------------
epoch: 34, lr: 0.0001661, loss: 0.5665
162.58710400000004
              precision    recall  f1-score   support

       awake   0.700000  0.700000  0.700000        30
      diaper   0.823529  0.608696  0.700000        23
         hug   0.702703  0.812500  0.753623        32
      hungry   0.769231  0.789474  0.779221        38

    accuracy                       0.739837       123
   macro avg   0.748866  0.727667  0.733211       123
weighted avg   0.745191  0.739837  0.738425       123

[[21  1  2  6]
 [ 3 14  3  3]
 [ 5  1 26  0]
 [ 1  1  6 30]]
The best result ----------
WA: 78.0488%, UA: 78.9745%, macro f1: 78.3720%, weighted f1: 77.8612%
--------------------------
epoch: 35, lr: 0.0001578, loss: 0.5173
167.13080240000002
              precision    recall  f1-score   support

       awake   0.628571  0.733333  0.676923        30
      diaper   0.941176  0.695652  0.800000        23
         hug   0.650000  0.812500  0.722222        32
      hungry   0.806452  0.657895  0.724638        38

    accuracy                       0.723577       123
   macro avg   0.756550  0.724845  0.730946       123
weighted avg   0.747556  0.723577  0.726464       123

[[22  0  3  5]
 [ 3 16  3  1]
 [ 6  0 26  0]
 [ 4  1  8 25]]
The best result ----------
WA: 78.0488%, UA: 78.9745%, macro f1: 78.3720%, weighted f1: 77.8612%
--------------------------
epoch: 36, lr: 0.0001499, loss: 0.5205
171.6818617
              precision    recall  f1-score   support

       awake   0.641026  0.833333  0.724638        30
      diaper   0.937500  0.652174  0.769231        23
         hug   0.675000  0.843750  0.750000        32
      hungry   0.857143  0.631579  0.727273        38

    accuracy                       0.739837       123
   macro avg   0.777667  0.740209  0.742785       123
weighted avg   0.772071  0.739837  0.740389       123

[[25  1  1  3]
 [ 4 15  3  1]
 [ 5  0 27  0]
 [ 5  0  9 24]]
The best result ----------
WA: 78.0488%, UA: 78.9745%, macro f1: 78.3720%, weighted f1: 77.8612%
--------------------------
epoch: 37, lr: 0.0001424, loss: 0.4885
176.24011880000003
              precision    recall  f1-score   support

       awake   0.684211  0.866667  0.764706        30
      diaper   0.933333  0.608696  0.736842        23
         hug   0.742857  0.812500  0.776119        32
      hungry   0.800000  0.736842  0.767123        38

    accuracy                       0.764228       123
   macro avg   0.790100  0.756176  0.761198       123
weighted avg   0.781824  0.764228  0.763212       123

[[26  0  0  4]
 [ 3 14  3  3]
 [ 6  0 26  0]
 [ 3  1  6 28]]
The best result ----------
WA: 78.0488%, UA: 78.9745%, macro f1: 78.3720%, weighted f1: 77.8612%
--------------------------
epoch: 38, lr: 0.0001353, loss: 0.5041
180.81630020000003
              precision    recall  f1-score   support

       awake   0.657143  0.766667  0.707692        30
      diaper   0.888889  0.695652  0.780488        23
         hug   0.658537  0.843750  0.739726        32
      hungry   0.862069  0.657895  0.746269        38

    accuracy                       0.739837       123
   macro avg   0.766659  0.740991  0.743544       123
weighted avg   0.764151  0.739837  0.741556       123

[[23  1  3  3]
 [ 3 16  3  1]
 [ 4  1 27  0]
 [ 5  0  8 25]]
The best result ----------
WA: 78.0488%, UA: 78.9745%, macro f1: 78.3720%, weighted f1: 77.8612%
--------------------------
epoch: 39, lr: 0.0001285, loss: 0.5472
185.3806398
              precision    recall  f1-score   support

       awake   0.676471  0.766667  0.718750        30
      diaper   1.000000  0.652174  0.789474        23
         hug   0.636364  0.875000  0.736842        32
      hungry   0.833333  0.657895  0.735294        38

    accuracy                       0.739837       123
   macro avg   0.786542  0.737934  0.745090       123
weighted avg   0.774995  0.739837  0.741793       123

[[23  0  3  4]
 [ 3 15  4  1]
 [ 4  0 28  0]
 [ 4  0  9 25]]
The best result ----------
WA: 78.0488%, UA: 78.9745%, macro f1: 78.3720%, weighted f1: 77.8612%
--------------------------
epoch: 40, lr: 0.0001221, loss: 0.5464
189.9354714
              precision    recall  f1-score   support

       awake   0.648649  0.800000  0.716418        30
      diaper   0.933333  0.608696  0.736842        23
         hug   0.710526  0.843750  0.771429        32
      hungry   0.787879  0.684211  0.732394        38

    accuracy                       0.739837       123
   macro avg   0.770097  0.734164  0.739271       123
weighted avg   0.760995  0.739837  0.739485       123

[[24  1  1  4]
 [ 3 14  3  3]
 [ 5  0 27  0]
 [ 5  0  7 26]]
The best result ----------
WA: 78.0488%, UA: 78.9745%, macro f1: 78.3720%, weighted f1: 77.8612%
--------------------------
epoch: 41, lr: 0.000116, loss: 0.5709
194.48797390000001
              precision    recall  f1-score   support

       awake   0.631579  0.800000  0.705882        30
      diaper   0.937500  0.652174  0.769231        23
         hug   0.650000  0.812500  0.722222        32
      hungry   0.862069  0.657895  0.746269        38

    accuracy                       0.731707       123
   macro avg   0.770287  0.730642  0.735901       123
weighted avg   0.764784  0.731707  0.734456       123

[[24  1  2  3]
 [ 4 15  3  1]
 [ 6  0 26  0]
 [ 4  0  9 25]]
The best result ----------
WA: 78.0488%, UA: 78.9745%, macro f1: 78.3720%, weighted f1: 77.8612%
--------------------------
epoch: 42, lr: 0.0001102, loss: 0.5549
199.0201733
              precision    recall  f1-score   support

       awake   0.666667  0.733333  0.698413        30
      diaper   0.842105  0.695652  0.761905        23
         hug   0.684211  0.812500  0.742857        32
      hungry   0.818182  0.710526  0.760563        38

    accuracy                       0.739837       123
   macro avg   0.752791  0.738003  0.740934       123
weighted avg   0.750846  0.739837  0.741049       123

[[22  2  1  5]
 [ 3 16  3  1]
 [ 6  0 26  0]
 [ 2  1  8 27]]
The best result ----------
WA: 78.0488%, UA: 78.9745%, macro f1: 78.3720%, weighted f1: 77.8612%
--------------------------
epoch: 43, lr: 0.0001047, loss: 0.4961
203.5709361
              precision    recall  f1-score   support

       awake   0.709677  0.733333  0.721311        30
      diaper   0.875000  0.608696  0.717949        23
         hug   0.675000  0.843750  0.750000        32
      hungry   0.805556  0.763158  0.783784        38

    accuracy                       0.747967       123
   macro avg   0.766308  0.737234  0.743261       123
weighted avg   0.761191  0.747967  0.747447       123

[[22  1  3  4]
 [ 3 14  3  3]
 [ 5  0 27  0]
 [ 1  1  7 29]]
The best result ----------
WA: 78.0488%, UA: 78.9745%, macro f1: 78.3720%, weighted f1: 77.8612%
--------------------------
epoch: 44, lr: 9.944e-05, loss: 0.5442
208.17656480000002
              precision    recall  f1-score   support

       awake   0.685714  0.800000  0.738462        30
      diaper   0.888889  0.695652  0.780488        23
         hug   0.692308  0.843750  0.760563        32
      hungry   0.838710  0.684211  0.753623        38

    accuracy                       0.756098       123
   macro avg   0.776405  0.755903  0.758284       123
weighted avg   0.772689  0.756098  0.756754       123

[[24  1  1  4]
 [ 3 16  3  1]
 [ 5  0 27  0]
 [ 3  1  8 26]]
The best result ----------
WA: 78.0488%, UA: 78.9745%, macro f1: 78.3720%, weighted f1: 77.8612%
--------------------------
epoch: 45, lr: 9.447e-05, loss: 0.4918
212.82104390000003
              precision    recall  f1-score   support

       awake   0.585366  0.800000  0.676056        30
      diaper   0.941176  0.695652  0.800000        23
         hug   0.705882  0.750000  0.727273        32
      hungry   0.838710  0.684211  0.753623        38

    accuracy                       0.731707       123
   macro avg   0.767784  0.732466  0.739238       123
weighted avg   0.761522  0.731707  0.736521       123

[[24  1  1  4]
 [ 4 16  2  1]
 [ 8  0 24  0]
 [ 5  0  7 26]]
The best result ----------
WA: 78.0488%, UA: 78.9745%, macro f1: 78.3720%, weighted f1: 77.8612%
--------------------------
epoch: 46, lr: 8.974e-05, loss: 0.5036
217.42412230000002
              precision    recall  f1-score   support

       awake   0.694444  0.833333  0.757576        30
      diaper   0.933333  0.608696  0.736842        23
         hug   0.736842  0.875000  0.800000        32
      hungry   0.794118  0.710526  0.750000        38

    accuracy                       0.764228       123
   macro avg   0.789684  0.756889  0.761104       123
weighted avg   0.780938  0.764228  0.762395       123

[[25  1  0  4]
 [ 3 14  3  3]
 [ 4  0 28  0]
 [ 4  0  7 27]]
The best result ----------
WA: 78.0488%, UA: 78.9745%, macro f1: 78.3720%, weighted f1: 77.8612%
--------------------------
epoch: 47, lr: 8.526e-05, loss: 0.5174
222.03136890000002
              precision    recall  f1-score   support

       awake   0.694444  0.833333  0.757576        30
      diaper   0.875000  0.608696  0.717949        23
         hug   0.684211  0.812500  0.742857        32
      hungry   0.818182  0.710526  0.760563        38

    accuracy                       0.747967       123
   macro avg   0.767959  0.741264  0.744736       123
weighted avg   0.763772  0.747967  0.747260       123

[[25  1  1  3]
 [ 3 14  3  3]
 [ 6  0 26  0]
 [ 2  1  8 27]]
The best result ----------
WA: 78.0488%, UA: 78.9745%, macro f1: 78.3720%, weighted f1: 77.8612%
--------------------------
epoch: 48, lr: 8.099e-05, loss: 0.5461
226.6416678
              precision    recall  f1-score   support

       awake   0.685714  0.800000  0.738462        30
      diaper   0.937500  0.652174  0.769231        23
         hug   0.729730  0.843750  0.782609        32
      hungry   0.828571  0.763158  0.794521        38

    accuracy                       0.772358       123
   macro avg   0.795379  0.764770  0.771205       123
weighted avg   0.788382  0.772358  0.773020       123

[[24  1  1  4]
 [ 3 15  3  2]
 [ 5  0 27  0]
 [ 3  0  6 29]]
The best result ----------
WA: 78.0488%, UA: 78.9745%, macro f1: 78.3720%, weighted f1: 77.8612%
--------------------------
epoch: 49, lr: 7.694e-05, loss: 0.5258
231.25807029999999
              precision    recall  f1-score   support

       awake   0.722222  0.866667  0.787879        30
      diaper   0.941176  0.695652  0.800000        23
         hug   0.675000  0.843750  0.750000        32
      hungry   0.866667  0.684211  0.764706        38

    accuracy                       0.772358       123
   macro avg   0.801266  0.772570  0.775646       123
weighted avg   0.795505  0.772358  0.773132       123

[[26  0  1  3]
 [ 3 16  3  1]
 [ 5  0 27  0]
 [ 2  1  9 26]]
The best result ----------
WA: 78.0488%, UA: 78.9745%, macro f1: 78.3720%, weighted f1: 77.8612%
--------------------------
epoch: 0, lr: 0.00095, loss: 1.406
15.666734199999999
              precision    recall  f1-score   support

       awake   0.312500  0.066667  0.109890        75
      diaper   0.357724  0.571429  0.440000        77
         hug   0.330769  0.605634  0.427861        71
      hungry   0.521739  0.260870  0.347826        92

    accuracy                       0.368254       315
   macro avg   0.380683  0.376150  0.331394       315
weighted avg   0.388784  0.368254  0.331746       315

[[ 5 31 31  8]
 [ 6 44 24  3]
 [ 5 12 43 11]
 [ 0 36 32 24]]
The best result ----------
WA: 36.8254%, UA: 37.6150%, macro f1: 33.1394%, weighted f1: 33.1746%
--------------------------
epoch: 1, lr: 0.0009025, loss: 1.257
28.6215258
              precision    recall  f1-score   support

       awake   0.478873  0.453333  0.465753        75
      diaper   0.366071  0.532468  0.433862        77
         hug   0.554054  0.577465  0.565517        71
      hungry   0.603448  0.380435  0.466667        92

    accuracy                       0.479365       315
   macro avg   0.500612  0.485925  0.482950       315
weighted avg   0.504629  0.479365  0.480711       315

[[34 23 13  5]
 [18 41  9  9]
 [ 7 14 41  9]
 [12 34 11 35]]
The best result ----------
WA: 47.9365%, UA: 48.5925%, macro f1: 48.2950%, weighted f1: 48.0711%
--------------------------
epoch: 2, lr: 0.0008574, loss: 1.139
41.3824798
              precision    recall  f1-score   support

       awake   0.621212  0.546667  0.581560        75
      diaper   0.851064  0.519481  0.645161        77
         hug   0.417266  0.816901  0.552381        71
      hungry   0.730159  0.500000  0.593548        92

    accuracy                       0.587302       315
   macro avg   0.654925  0.595762  0.593163       315
weighted avg   0.663249  0.587302  0.594032       315

[[41  1 28  5]
 [ 8 40 22  7]
 [ 6  2 58  5]
 [11  4 31 46]]
The best result ----------
WA: 58.7302%, UA: 59.5762%, macro f1: 59.3163%, weighted f1: 59.4032%
--------------------------
epoch: 3, lr: 0.0008145, loss: 1.066
53.938015899999996
              precision    recall  f1-score   support

       awake   0.833333  0.466667  0.598291        75
      diaper   0.650794  0.532468  0.585714        77
         hug   0.443609  0.830986  0.578431        71
      hungry   0.714286  0.597826  0.650888        92

    accuracy                       0.603175       315
   macro avg   0.660505  0.606987  0.603331       315
weighted avg   0.666100  0.603175  0.606102       315

[[35  9 23  8]
 [ 6 41 21  9]
 [ 1  6 59  5]
 [ 0  7 30 55]]
The best result ----------
WA: 60.3175%, UA: 60.6987%, macro f1: 60.3331%, weighted f1: 60.6102%
--------------------------
epoch: 4, lr: 0.0007738, loss: 0.9888
66.85362849999999
              precision    recall  f1-score   support

       awake   0.755102  0.493333  0.596774        75
      diaper   0.846154  0.571429  0.682171        77
         hug   0.417219  0.887324  0.567568        71
      hungry   0.825397  0.565217  0.670968        92

    accuracy                       0.622222       315
   macro avg   0.710968  0.629326  0.629370       315
weighted avg   0.721732  0.622222  0.632735       315

[[37  2 34  2]
 [ 5 44 24  4]
 [ 0  3 63  5]
 [ 7  3 30 52]]
The best result ----------
WA: 62.2222%, UA: 62.9326%, macro f1: 62.9370%, weighted f1: 63.2735%
--------------------------
epoch: 0, lr: 0.00095, loss: 1.406
17.8912077
              precision    recall  f1-score   support

       awake   0.312500  0.066667  0.109890        75
      diaper   0.357724  0.571429  0.440000        77
         hug   0.330769  0.605634  0.427861        71
      hungry   0.521739  0.260870  0.347826        92

    accuracy                       0.368254       315
   macro avg   0.380683  0.376150  0.331394       315
weighted avg   0.388784  0.368254  0.331746       315

[[ 5 31 31  8]
 [ 6 44 24  3]
 [ 5 12 43 11]
 [ 0 36 32 24]]
The best result ----------
WA: 36.8254%, UA: 37.6150%, macro f1: 33.1394%, weighted f1: 33.1746%
--------------------------
