-------------------------------------------
987654
              precision    recall  f1-score   support

       awake   0.714286  0.675676  0.694444        37
      diaper   0.863636  0.904762  0.883721        21
         hug   0.766667  0.741935  0.754098        31
      hungry   0.694444  0.735294  0.714286        34

    accuracy                       0.747967       123
   macro avg   0.759758  0.764417  0.761637       123
weighted avg   0.747502  0.747967  0.747279       123

[[25  1  5  6]
 [ 2 19  0  0]
 [ 2  1 23  5]
 [ 6  1  2 25]]
{'train': '{"2": 129, "3": 126, "1": 113, "0": 123}', 'test': '{"0": 37, "3": 34, "1": 21, "2": 31}', 'train_seg': 'dict_items([(2, 11234), (3, 10024), (1, 8292), (0, 9913)])'}
Running time with 1 iterations: 1213.9263598
-------------------------------------------

-------------------------------------------
987654
              precision    recall  f1-score   support

       awake   0.727273  0.800000  0.761905        30
      diaper   0.826087  0.826087  0.826087        23
         hug   0.756757  0.875000  0.811594        32
      hungry   0.833333  0.657895  0.735294        38

    accuracy                       0.780488       123
   macro avg   0.785862  0.789745  0.783720       123
weighted avg   0.786188  0.780488  0.778612       123

[[24  2  0  4]
 [ 1 19  2  1]
 [ 2  2 28  0]
 [ 6  0  7 25]]
{'train': '{"2": 128, "3": 122, "0": 130, "1": 111}', 'test': '{"3": 38, "0": 30, "1": 23, "2": 32}', 'train_seg': 'dict_items([(2, 2270), (3, 1986), (0, 2127), (1, 1644)])'}
Running time with 1 iterations: 271.32078399999995
-------------------------------------------

