epoch: 0, lr: 0.00095, loss: 1.345
6.404432
              precision    recall  f1-score   support

       awake   0.296296  0.533333  0.380952        30
      diaper   0.000000  0.000000  0.000000        23
         hug   0.376812  0.812500  0.514851        32
      hungry   0.000000  0.000000  0.000000        38

    accuracy                       0.341463       123
   macro avg   0.168277  0.336458  0.223951       123
weighted avg   0.170300  0.341463  0.226860       123

[[16  0 14  0]
 [17  0  6  0]
 [ 6  0 26  0]
 [15  0 23  0]]
The best result ----------
WA: 34.1463%, UA: 33.6458%, macro f1: 22.3951%, weighted f1: 22.6860%
--------------------------
epoch: 1, lr: 0.0009025, loss: 1.288
10.2356638
              precision    recall  f1-score   support

       awake   0.298246  0.566667  0.390805        30
      diaper   0.000000  0.000000  0.000000        23
         hug   0.385965  0.687500  0.494382        32
      hungry   0.555556  0.131579  0.212766        38

    accuracy                       0.357724       123
   macro avg   0.309942  0.346436  0.274488       123
weighted avg   0.344792  0.357724  0.289670       123

[[17  0 13  0]
 [17  0  3  3]
 [ 9  0 22  1]
 [14  0 19  5]]
The best result ----------
WA: 35.7724%, UA: 34.6436%, macro f1: 27.4488%, weighted f1: 28.9670%
--------------------------
epoch: 2, lr: 0.0008574, loss: 1.243
13.841333500000001
              precision    recall  f1-score   support

       awake   0.339286  0.633333  0.441860        30
      diaper   0.000000  0.000000  0.000000        23
         hug   0.555556  0.625000  0.588235        32
      hungry   0.516129  0.421053  0.463768        38

    accuracy                       0.447154       123
   macro avg   0.352743  0.419846  0.373466       123
weighted avg   0.386742  0.447154  0.404086       123

[[19  0  5  6]
 [16  0  2  5]
 [ 8  0 20  4]
 [13  0  9 16]]
The best result ----------
WA: 44.7154%, UA: 41.9846%, macro f1: 37.3466%, weighted f1: 40.4086%
--------------------------
epoch: 3, lr: 0.0008145, loss: 1.202
17.2926499
              precision    recall  f1-score   support

       awake   0.390244  0.533333  0.450704        30
      diaper   0.600000  0.130435  0.214286        23
         hug   0.451613  0.875000  0.595745        32
      hungry   0.533333  0.210526  0.301887        38

    accuracy                       0.447154       123
   macro avg   0.493798  0.437324  0.390655       123
weighted avg   0.489639  0.447154  0.398254       123

[[16  0 11  3]
 [12  3  5  3]
 [ 2  1 28  1]
 [11  1 18  8]]
The best result ----------
WA: 44.7154%, UA: 43.7324%, macro f1: 39.0655%, weighted f1: 39.8254%
--------------------------
epoch: 4, lr: 0.0007738, loss: 1.142
21.057172
              precision    recall  f1-score   support

       awake   0.428571  0.800000  0.558140        30
      diaper   0.615385  0.695652  0.653061        23
         hug   0.648649  0.750000  0.695652        32
      hungry   0.750000  0.078947  0.142857        38

    accuracy                       0.544715       123
   macro avg   0.610651  0.581150  0.512428       123
weighted avg   0.620063  0.544715  0.483366       123

[[24  3  2  1]
 [ 6 16  1  0]
 [ 6  2 24  0]
 [20  5 10  3]]
The best result ----------
WA: 54.4715%, UA: 58.1150%, macro f1: 51.2428%, weighted f1: 48.3366%
--------------------------
epoch: 5, lr: 0.0007351, loss: 1.102
24.7825573
              precision    recall  f1-score   support

       awake   0.444444  0.533333  0.484848        30
      diaper   0.409091  0.782609  0.537313        23
         hug   0.833333  0.312500  0.454545        32
      hungry   0.612903  0.500000  0.550725        38

    accuracy                       0.512195       123
   macro avg   0.574943  0.532111  0.506858       123
weighted avg   0.591052  0.512195  0.507127       123

[[16 10  0  4]
 [ 3 18  0  2]
 [ 8  8 10  6]
 [ 9  8  2 19]]
The best result ----------
WA: 54.4715%, UA: 58.1150%, macro f1: 51.2428%, weighted f1: 48.3366%
--------------------------
epoch: 6, lr: 0.0006983, loss: 1.042
28.2593551
              precision    recall  f1-score   support

       awake   0.432432  0.533333  0.477612        30
      diaper   0.466667  0.913043  0.617647        23
         hug   0.656250  0.656250  0.656250        32
      hungry   0.777778  0.184211  0.297872        38

    accuracy                       0.528455       123
   macro avg   0.583282  0.571709  0.512345       123
weighted avg   0.603755  0.528455  0.494743       123

[[16 11  1  2]
 [ 2 21  0  0]
 [ 6  5 21  0]
 [13  8 10  7]]
The best result ----------
WA: 54.4715%, UA: 58.1150%, macro f1: 51.2428%, weighted f1: 48.3366%
--------------------------
epoch: 7, lr: 0.0006634, loss: 0.9996
31.755693199999996
              precision    recall  f1-score   support

       awake   0.491228  0.933333  0.643678        30
      diaper   1.000000  0.391304  0.562500        23
         hug   0.850000  0.531250  0.653846        32
      hungry   0.702703  0.684211  0.693333        38

    accuracy                       0.650407       123
   macro avg   0.760983  0.635025  0.638339       123
weighted avg   0.745037  0.650407  0.646484       123

[[28  0  0  2]
 [ 9  9  0  5]
 [11  0 17  4]
 [ 9  0  3 26]]
The best result ----------
WA: 65.0407%, UA: 63.5025%, macro f1: 63.8339%, weighted f1: 64.6484%
--------------------------
epoch: 8, lr: 0.0006302, loss: 0.9927
35.2149909
              precision    recall  f1-score   support

       awake   0.517241  0.500000  0.508475        30
      diaper   0.600000  0.782609  0.679245        23
         hug   0.509434  0.843750  0.635294        32
      hungry   0.909091  0.263158  0.408163        38

    accuracy                       0.569106       123
   macro avg   0.633942  0.597379  0.557794       123
weighted avg   0.651745  0.569106  0.542411       123

[[15  6  8  1]
 [ 4 18  1  0]
 [ 2  3 27  0]
 [ 8  3 17 10]]
The best result ----------
WA: 65.0407%, UA: 63.5025%, macro f1: 63.8339%, weighted f1: 64.6484%
--------------------------
epoch: 9, lr: 0.0005987, loss: 0.965
38.671704399999996
              precision    recall  f1-score   support

       awake   0.426230  0.866667  0.571429        30
      diaper   0.600000  0.782609  0.679245        23
         hug   0.826087  0.593750  0.690909        32
      hungry   0.888889  0.210526  0.340426        38

    accuracy                       0.577236       123
   macro avg   0.685301  0.613388  0.570502       123
weighted avg   0.705687  0.577236  0.551307       123

[[26  3  0  1]
 [ 5 18  0  0]
 [10  3 19  0]
 [20  6  4  8]]
The best result ----------
WA: 65.0407%, UA: 63.5025%, macro f1: 63.8339%, weighted f1: 64.6484%
--------------------------
epoch: 10, lr: 0.0005688, loss: 0.9308
42.2783471
              precision    recall  f1-score   support

       awake   0.733333  0.366667  0.488889        30
      diaper   0.692308  0.782609  0.734694        23
         hug   0.851852  0.718750  0.779661        32
      hungry   0.618182  0.894737  0.731183        38

    accuracy                       0.699187       123
   macro avg   0.723919  0.690691  0.683607       123
weighted avg   0.720921  0.699187  0.685355       123

[[11  6  1 12]
 [ 0 18  0  5]
 [ 4  1 23  4]
 [ 0  1  3 34]]
The best result ----------
WA: 69.9187%, UA: 69.0691%, macro f1: 68.3607%, weighted f1: 68.5355%
--------------------------
epoch: 11, lr: 0.0005404, loss: 0.8875
46.104513
              precision    recall  f1-score   support

       awake   0.625000  0.333333  0.434783        30
      diaper   0.642857  0.391304  0.486486        23
         hug   0.764706  0.812500  0.787879        32
      hungry   0.559322  0.868421  0.680412        38

    accuracy                       0.634146       123
   macro avg   0.647971  0.601390  0.597390       123
weighted avg   0.644395  0.634146  0.612199       123

[[10  5  1 14]
 [ 3  9  3  8]
 [ 2  0 26  4]
 [ 1  0  4 33]]
The best result ----------
WA: 69.9187%, UA: 69.0691%, macro f1: 68.3607%, weighted f1: 68.5355%
--------------------------
epoch: 12, lr: 0.0005133, loss: 0.8815
49.77144319999999
              precision    recall  f1-score   support

       awake   0.600000  0.600000  0.600000        30
      diaper   0.777778  0.608696  0.682927        23
         hug   0.509804  0.812500  0.626506        32
      hungry   0.791667  0.500000  0.612903        38

    accuracy                       0.626016       123
   macro avg   0.669812  0.630299  0.630584       123
weighted avg   0.668991  0.626016  0.626389       123

[[18  0  8  4]
 [ 5 14  4  0]
 [ 5  0 26  1]
 [ 2  4 13 19]]
The best result ----------
WA: 69.9187%, UA: 69.0691%, macro f1: 68.3607%, weighted f1: 68.5355%
--------------------------
epoch: 13, lr: 0.0004877, loss: 0.8487
53.54343139999999
              precision    recall  f1-score   support

       awake   0.733333  0.366667  0.488889        30
      diaper   0.571429  0.695652  0.627451        23
         hug   0.529412  0.843750  0.650602        32
      hungry   0.620690  0.473684  0.537313        38

    accuracy                       0.585366       123
   macro avg   0.613716  0.594938  0.576064       123
weighted avg   0.615205  0.585366  0.571831       123

[[11  7  5  7]
 [ 0 16  4  3]
 [ 4  0 27  1]
 [ 0  5 15 18]]
The best result ----------
WA: 69.9187%, UA: 69.0691%, macro f1: 68.3607%, weighted f1: 68.5355%
--------------------------
epoch: 14, lr: 0.0004633, loss: 0.8619
57.374748799999985
              precision    recall  f1-score   support

       awake   0.548387  0.566667  0.557377        30
      diaper   0.785714  0.478261  0.594595        23
         hug   0.590909  0.812500  0.684211        32
      hungry   0.676471  0.605263  0.638889        38

    accuracy                       0.626016       123
   macro avg   0.650370  0.615673  0.618768       123
weighted avg   0.643398  0.626016  0.622516       123

[[17  2  5  6]
 [ 6 11  2  4]
 [ 5  0 26  1]
 [ 3  1 11 23]]
The best result ----------
WA: 69.9187%, UA: 69.0691%, macro f1: 68.3607%, weighted f1: 68.5355%
--------------------------
epoch: 15, lr: 0.0004401, loss: 0.8283
60.967638999999984
              precision    recall  f1-score   support

       awake   0.681818  0.500000  0.576923        30
      diaper   0.550000  0.956522  0.698413        23
         hug   0.806452  0.781250  0.793651        32
      hungry   0.733333  0.578947  0.647059        38

    accuracy                       0.682927       123
   macro avg   0.692901  0.704180  0.679011       123
weighted avg   0.705509  0.682927  0.677693       123

[[15  9  0  6]
 [ 0 22  0  1]
 [ 5  1 25  1]
 [ 2  8  6 22]]
The best result ----------
WA: 69.9187%, UA: 69.0691%, macro f1: 68.3607%, weighted f1: 68.5355%
--------------------------
epoch: 16, lr: 0.0004181, loss: 0.8178
64.4166138
              precision    recall  f1-score   support

       awake   0.531250  0.566667  0.548387        30
      diaper   0.800000  0.347826  0.484848        23
         hug   0.625000  0.781250  0.694444        32
      hungry   0.682927  0.736842  0.708861        38

    accuracy                       0.634146       123
   macro avg   0.659794  0.608146  0.609135       123
weighted avg   0.652754  0.634146  0.624082       123

[[17  1  5  7]
 [ 9  8  1  5]
 [ 6  0 25  1]
 [ 0  1  9 28]]
The best result ----------
WA: 69.9187%, UA: 69.0691%, macro f1: 68.3607%, weighted f1: 68.5355%
--------------------------
epoch: 17, lr: 0.0003972, loss: 0.8047
67.92830129999999
              precision    recall  f1-score   support

       awake   0.577778  0.866667  0.693333        30
      diaper   0.764706  0.565217  0.650000        23
         hug   0.641026  0.781250  0.704225        32
      hungry   0.909091  0.526316  0.666667        38

    accuracy                       0.682927       123
   macro avg   0.723150  0.684862  0.678556       123
weighted avg   0.731543  0.682927  0.679826       123

[[26  3  0  1]
 [ 7 13  3  0]
 [ 6  0 25  1]
 [ 6  1 11 20]]
The best result ----------
WA: 69.9187%, UA: 69.0691%, macro f1: 68.3607%, weighted f1: 68.5355%
--------------------------
epoch: 18, lr: 0.0003774, loss: 0.7954
71.5006411
              precision    recall  f1-score   support

       awake   0.600000  0.600000  0.600000        30
      diaper   0.666667  0.695652  0.680851        23
         hug   0.840000  0.656250  0.736842        32
      hungry   0.636364  0.736842  0.682927        38

    accuracy                       0.674797       123
   macro avg   0.685758  0.672186  0.675155       123
weighted avg   0.686139  0.674797  0.676339       123

[[18  4  0  8]
 [ 2 16  0  5]
 [ 7  1 21  3]
 [ 3  3  4 28]]
The best result ----------
WA: 69.9187%, UA: 69.0691%, macro f1: 68.3607%, weighted f1: 68.5355%
--------------------------
epoch: 19, lr: 0.0003585, loss: 0.757
74.81782239999998
              precision    recall  f1-score   support

       awake   0.571429  0.533333  0.551724        30
      diaper   0.764706  0.565217  0.650000        23
         hug   0.650000  0.812500  0.722222        32
      hungry   0.684211  0.684211  0.684211        38

    accuracy                       0.658537       123
   macro avg   0.667586  0.648815  0.652039       123
weighted avg   0.662854  0.658537  0.655389       123

[[16  4  3  7]
 [ 5 13  1  4]
 [ 5  0 26  1]
 [ 2  0 10 26]]
The best result ----------
WA: 69.9187%, UA: 69.0691%, macro f1: 68.3607%, weighted f1: 68.5355%
--------------------------
epoch: 20, lr: 0.0003406, loss: 0.7916
78.24800969999998
              precision    recall  f1-score   support

       awake   0.469388  0.766667  0.582278        30
      diaper   0.809524  0.739130  0.772727        23
         hug   0.807692  0.656250  0.724138        32
      hungry   0.851852  0.605263  0.707692        38

    accuracy                       0.682927       123
   macro avg   0.734614  0.691828  0.696709       123
weighted avg   0.739164  0.682927  0.693543       123

[[23  4  0  3]
 [ 5 17  0  1]
 [11  0 21  0]
 [10  0  5 23]]
The best result ----------
WA: 69.9187%, UA: 69.0691%, macro f1: 68.3607%, weighted f1: 68.5355%
--------------------------
epoch: 21, lr: 0.0003235, loss: 0.7418
81.58530779999998
              precision    recall  f1-score   support

       awake   0.750000  0.600000  0.666667        30
      diaper   0.708333  0.739130  0.723404        23
         hug   0.630435  0.906250  0.743590        32
      hungry   0.862069  0.657895  0.746269        38

    accuracy                       0.723577       123
   macro avg   0.737709  0.725819  0.719982       123
weighted avg   0.745725  0.723577  0.721881       123

[[18  6  3  3]
 [ 3 17  3  0]
 [ 2  0 29  1]
 [ 1  1 11 25]]
The best result ----------
WA: 72.3577%, UA: 72.5819%, macro f1: 71.9982%, weighted f1: 72.1881%
--------------------------
epoch: 22, lr: 0.0003074, loss: 0.7441
84.95746799999999
              precision    recall  f1-score   support

       awake   0.489362  0.766667  0.597403        30
      diaper   0.750000  0.652174  0.697674        23
         hug   0.821429  0.718750  0.766667        32
      hungry   0.857143  0.631579  0.727273        38

    accuracy                       0.691057       123
   macro avg   0.729483  0.692292  0.697254       123
weighted avg   0.738114  0.691057  0.700311       123

[[23  4  0  3]
 [ 7 15  0  1]
 [ 9  0 23  0]
 [ 8  1  5 24]]
The best result ----------
WA: 72.3577%, UA: 72.5819%, macro f1: 71.9982%, weighted f1: 72.1881%
--------------------------
epoch: 23, lr: 0.000292, loss: 0.7448
88.4270725
              precision    recall  f1-score   support

       awake   0.625000  0.666667  0.645161        30
      diaper   0.500000  0.739130  0.596491        23
         hug   0.562500  0.843750  0.675000        32
      hungry   0.888889  0.210526  0.340426        38

    accuracy                       0.585366       123
   macro avg   0.644097  0.615018  0.564270       123
weighted avg   0.666893  0.585366  0.549677       123

[[20  7  2  1]
 [ 3 17  3  0]
 [ 4  1 27  0]
 [ 5  9 16  8]]
The best result ----------
WA: 72.3577%, UA: 72.5819%, macro f1: 71.9982%, weighted f1: 72.1881%
--------------------------
epoch: 24, lr: 0.0002774, loss: 0.6792
91.7689403
              precision    recall  f1-score   support

       awake   0.777778  0.466667  0.583333        30
      diaper   0.789474  0.652174  0.714286        23
         hug   0.636364  0.875000  0.736842        32
      hungry   0.690476  0.763158  0.725000        38

    accuracy                       0.699187       123
   macro avg   0.723523  0.689250  0.689865       123
weighted avg   0.716203  0.699187  0.691525       123

[[14  3  4  9]
 [ 1 15  4  3]
 [ 3  0 28  1]
 [ 0  1  8 29]]
The best result ----------
WA: 72.3577%, UA: 72.5819%, macro f1: 71.9982%, weighted f1: 72.1881%
--------------------------
epoch: 25, lr: 0.0002635, loss: 0.7284
95.16514120000001
              precision    recall  f1-score   support

       awake   0.568182  0.833333  0.675676        30
      diaper   0.875000  0.608696  0.717949        23
         hug   0.600000  0.843750  0.701299        32
      hungry   0.944444  0.447368  0.607143        38

    accuracy                       0.674797       123
   macro avg   0.746907  0.683287  0.675516       123
weighted avg   0.750076  0.674797  0.669074       123

[[25  1  3  1]
 [ 5 14  4  0]
 [ 5  0 27  0]
 [ 9  1 11 17]]
The best result ----------
WA: 72.3577%, UA: 72.5819%, macro f1: 71.9982%, weighted f1: 72.1881%
--------------------------
epoch: 26, lr: 0.0002503, loss: 0.7502
98.53857070000001
              precision    recall  f1-score   support

       awake   0.628571  0.733333  0.676923        30
      diaper   0.761905  0.695652  0.727273        23
         hug   0.651163  0.875000  0.746667        32
      hungry   0.833333  0.526316  0.645161        38

    accuracy                       0.699187       123
   macro avg   0.718743  0.707575  0.699006       123
weighted avg   0.722641  0.699187  0.694670       123

[[22  4  1  3]
 [ 2 16  4  1]
 [ 4  0 28  0]
 [ 7  1 10 20]]
The best result ----------
WA: 72.3577%, UA: 72.5819%, macro f1: 71.9982%, weighted f1: 72.1881%
--------------------------
epoch: 27, lr: 0.0002378, loss: 0.6832
101.86641850000001
              precision    recall  f1-score   support

       awake   0.426471  0.966667  0.591837        30
      diaper   0.937500  0.652174  0.769231        23
         hug   0.782609  0.562500  0.654545        32
      hungry   0.937500  0.394737  0.555556        38

    accuracy                       0.626016       123
   macro avg   0.771020  0.644019  0.642792       123
weighted avg   0.772562  0.626016  0.630114       123

[[29  1  0  0]
 [ 7 15  0  1]
 [14  0 18  0]
 [18  0  5 15]]
The best result ----------
WA: 72.3577%, UA: 72.5819%, macro f1: 71.9982%, weighted f1: 72.1881%
--------------------------
epoch: 28, lr: 0.0002259, loss: 0.6849
105.2016543
              precision    recall  f1-score   support

       awake   0.655172  0.633333  0.644068        30
      diaper   0.800000  0.695652  0.744186        23
         hug   0.666667  0.812500  0.732394        32
      hungry   0.742857  0.684211  0.712329        38

    accuracy                       0.707317       123
   macro avg   0.716174  0.706424  0.708244       123
weighted avg   0.712334  0.707317  0.706857       123

[[19  3  2  6]
 [ 3 16  2  2]
 [ 5  0 26  1]
 [ 2  1  9 26]]
The best result ----------
WA: 72.3577%, UA: 72.5819%, macro f1: 71.9982%, weighted f1: 72.1881%
--------------------------
epoch: 29, lr: 0.0002146, loss: 0.6753
108.57437420000001
              precision    recall  f1-score   support

       awake   0.558140  0.800000  0.657534        30
      diaper   0.846154  0.478261  0.611111        23
         hug   0.634146  0.812500  0.712329        32
      hungry   0.769231  0.526316  0.625000        38

    accuracy                       0.658537       123
   macro avg   0.701918  0.654269  0.651494       123
weighted avg   0.696985  0.658537  0.653058       123

[[24  1  2  3]
 [ 6 11  3  3]
 [ 6  0 26  0]
 [ 7  1 10 20]]
The best result ----------
WA: 72.3577%, UA: 72.5819%, macro f1: 71.9982%, weighted f1: 72.1881%
--------------------------
epoch: 30, lr: 0.0002039, loss: 0.6551
111.94744510000001
              precision    recall  f1-score   support

       awake   0.600000  0.600000  0.600000        30
      diaper   0.666667  0.782609  0.720000        23
         hug   0.650000  0.812500  0.722222        32
      hungry   0.923077  0.631579  0.750000        38

    accuracy                       0.699187       123
   macro avg   0.709936  0.706672  0.698056       123
weighted avg   0.725287  0.699187  0.700578       123

[[18  7  3  2]
 [ 3 18  2  0]
 [ 6  0 26  0]
 [ 3  2  9 24]]
The best result ----------
WA: 72.3577%, UA: 72.5819%, macro f1: 71.9982%, weighted f1: 72.1881%
--------------------------
epoch: 31, lr: 0.0001937, loss: 0.6758
115.30393070000001
              precision    recall  f1-score   support

       awake   0.466667  0.933333  0.622222        30
      diaper   0.888889  0.695652  0.780488        23
         hug   0.718750  0.718750  0.718750        32
      hungry   1.000000  0.342105  0.509804        38

    accuracy                       0.650407       123
   macro avg   0.768576  0.672460  0.657816       123
weighted avg   0.775971  0.650407  0.642199       123

[[28  1  1  0]
 [ 5 16  2  0]
 [ 9  0 23  0]
 [18  1  6 13]]
The best result ----------
WA: 72.3577%, UA: 72.5819%, macro f1: 71.9982%, weighted f1: 72.1881%
--------------------------
epoch: 32, lr: 0.000184, loss: 0.6929
118.66241540000001
              precision    recall  f1-score   support

       awake   0.681818  0.500000  0.576923        30
      diaper   0.761905  0.695652  0.727273        23
         hug   0.702703  0.812500  0.753623        32
      hungry   0.674419  0.763158  0.716049        38

    accuracy                       0.699187       123
   macro avg   0.705211  0.692828  0.693467       123
weighted avg   0.699941  0.699187  0.693990       123

[[15  4  0 11]
 [ 2 16  3  2]
 [ 5  0 26  1]
 [ 0  1  8 29]]
The best result ----------
WA: 72.3577%, UA: 72.5819%, macro f1: 71.9982%, weighted f1: 72.1881%
--------------------------
epoch: 33, lr: 0.0001748, loss: 0.655
121.99947440000003
              precision    recall  f1-score   support

       awake   0.666667  0.533333  0.592593        30
      diaper   0.789474  0.652174  0.714286        23
         hug   0.619048  0.812500  0.702703        32
      hungry   0.684211  0.684211  0.684211        38

    accuracy                       0.674797       123
   macro avg   0.689850  0.670554  0.673448       123
weighted avg   0.682662  0.674797  0.672299       123

[[16  3  2  9]
 [ 2 15  4  2]
 [ 5  0 26  1]
 [ 1  1 10 26]]
The best result ----------
WA: 72.3577%, UA: 72.5819%, macro f1: 71.9982%, weighted f1: 72.1881%
--------------------------
epoch: 34, lr: 0.0001661, loss: 0.7014
125.33676060000002
              precision    recall  f1-score   support

       awake   0.695652  0.533333  0.603774        30
      diaper   0.888889  0.695652  0.780488        23
         hug   0.821429  0.718750  0.766667        32
      hungry   0.611111  0.868421  0.717391        38

    accuracy                       0.715447       123
   macro avg   0.754270  0.704039  0.717080       123
weighted avg   0.738390  0.715447  0.714298       123

[[16  1  0 13]
 [ 2 16  1  4]
 [ 5  0 23  4]
 [ 0  1  4 33]]
The best result ----------
WA: 72.3577%, UA: 72.5819%, macro f1: 71.9982%, weighted f1: 72.1881%
--------------------------
epoch: 35, lr: 0.0001578, loss: 0.6657
128.71400140000003
              precision    recall  f1-score   support

       awake   0.666667  0.533333  0.592593        30
      diaper   0.782609  0.782609  0.782609        23
         hug   0.619048  0.812500  0.702703        32
      hungry   0.735294  0.657895  0.694444        38

    accuracy                       0.691057       123
   macro avg   0.700904  0.696584  0.693087       123
weighted avg   0.697160  0.691057  0.688237       123

[[16  4  3  7]
 [ 1 18  3  1]
 [ 5  0 26  1]
 [ 2  1 10 25]]
The best result ----------
WA: 72.3577%, UA: 72.5819%, macro f1: 71.9982%, weighted f1: 72.1881%
--------------------------
epoch: 36, lr: 0.0001499, loss: 0.6633
132.70954830000005
              precision    recall  f1-score   support

       awake   0.595238  0.833333  0.694444        30
      diaper   0.894737  0.739130  0.809524        23
         hug   0.705882  0.750000  0.727273        32
      hungry   0.821429  0.605263  0.696970        38

    accuracy                       0.723577       123
   macro avg   0.754321  0.731932  0.732053       123
weighted avg   0.749907  0.723577  0.725284       123

[[25  1  1  3]
 [ 2 17  2  2]
 [ 8  0 24  0]
 [ 7  1  7 23]]
The best result ----------
WA: 72.3577%, UA: 73.1932%, macro f1: 73.2053%, weighted f1: 72.5284%
--------------------------
epoch: 37, lr: 0.0001424, loss: 0.6279
136.10050720000007
              precision    recall  f1-score   support

       awake   0.777778  0.466667  0.583333        30
      diaper   0.789474  0.652174  0.714286        23
         hug   0.781250  0.781250  0.781250        32
      hungry   0.611111  0.868421  0.717391        38

    accuracy                       0.707317       123
   macro avg   0.739903  0.692128  0.699065       123
weighted avg   0.729378  0.707317  0.700727       123

[[14  3  1 12]
 [ 1 15  2  5]
 [ 3  0 25  4]
 [ 0  1  4 33]]
The best result ----------
WA: 72.3577%, UA: 73.1932%, macro f1: 73.2053%, weighted f1: 72.5284%
--------------------------
epoch: 38, lr: 0.0001353, loss: 0.6425
139.52087730000005
              precision    recall  f1-score   support

       awake   0.700000  0.700000  0.700000        30
      diaper   0.850000  0.739130  0.790698        23
         hug   0.625000  0.781250  0.694444        32
      hungry   0.727273  0.631579  0.676056        38

    accuracy                       0.707317       123
   macro avg   0.725568  0.712990  0.715300       123
weighted avg   0.716962  0.707317  0.708117       123

[[21  1  2  6]
 [ 1 17  3  2]
 [ 6  0 25  1]
 [ 2  2 10 24]]
The best result ----------
WA: 72.3577%, UA: 73.1932%, macro f1: 73.2053%, weighted f1: 72.5284%
--------------------------
epoch: 39, lr: 0.0001285, loss: 0.6867
142.98615160000003
              precision    recall  f1-score   support

       awake   0.703704  0.633333  0.666667        30
      diaper   0.888889  0.695652  0.780488        23
         hug   0.613636  0.843750  0.710526        32
      hungry   0.735294  0.657895  0.694444        38

    accuracy                       0.707317       123
   macro avg   0.735381  0.707658  0.713031       123
weighted avg   0.724659  0.707317  0.707943       123

[[19  1  4  6]
 [ 2 16  3  2]
 [ 4  0 27  1]
 [ 2  1 10 25]]
The best result ----------
WA: 72.3577%, UA: 73.1932%, macro f1: 73.2053%, weighted f1: 72.5284%
--------------------------
epoch: 40, lr: 0.0001221, loss: 0.6677
147.01898770000003
              precision    recall  f1-score   support

       awake   0.720000  0.600000  0.654545        30
      diaper   0.730769  0.826087  0.775510        23
         hug   0.608696  0.875000  0.717949        32
      hungry   0.846154  0.578947  0.687500        38

    accuracy                       0.707317       123
   macro avg   0.726405  0.720009  0.708876       123
weighted avg   0.732031  0.707317  0.703841       123

[[18  5  3  4]
 [ 1 19  3  0]
 [ 4  0 28  0]
 [ 2  2 12 22]]
The best result ----------
WA: 72.3577%, UA: 73.1932%, macro f1: 73.2053%, weighted f1: 72.5284%
--------------------------
epoch: 41, lr: 0.000116, loss: 0.6998
151.3164795
              precision    recall  f1-score   support

       awake   0.696970  0.766667  0.730159        30
      diaper   0.833333  0.652174  0.731707        23
         hug   0.714286  0.781250  0.746269        32
      hungry   0.756757  0.736842  0.746667        38

    accuracy                       0.739837       123
   macro avg   0.750336  0.734233  0.738700       123
weighted avg   0.745444  0.739837  0.739740       123

[[23  2  1  4]
 [ 3 15  1  4]
 [ 6  0 25  1]
 [ 1  1  8 28]]
The best result ----------
WA: 73.9837%, UA: 73.4233%, macro f1: 73.8700%, weighted f1: 73.9740%
--------------------------
epoch: 42, lr: 0.0001102, loss: 0.68
155.514497
              precision    recall  f1-score   support

       awake   0.666667  0.533333  0.592593        30
      diaper   0.809524  0.739130  0.772727        23
         hug   0.619048  0.812500  0.702703        32
      hungry   0.777778  0.736842  0.756757        38

    accuracy                       0.707317       123
   macro avg   0.718254  0.705451  0.706195       123
weighted avg   0.715318  0.707317  0.705640       123

[[16  3  4  7]
 [ 2 17  3  1]
 [ 6  0 26  0]
 [ 0  1  9 28]]
The best result ----------
WA: 73.9837%, UA: 73.4233%, macro f1: 73.8700%, weighted f1: 73.9740%
--------------------------
epoch: 43, lr: 0.0001047, loss: 0.6253
159.8352338
              precision    recall  f1-score   support

       awake   0.761905  0.533333  0.627451        30
      diaper   0.782609  0.782609  0.782609        23
         hug   0.710526  0.843750  0.771429        32
      hungry   0.707317  0.763158  0.734177        38

    accuracy                       0.731707       123
   macro avg   0.740589  0.730712  0.728916       123
weighted avg   0.735545  0.731707  0.726894       123

[[16  4  0 10]
 [ 1 18  3  1]
 [ 4  0 27  1]
 [ 0  1  8 29]]
The best result ----------
WA: 73.9837%, UA: 73.4233%, macro f1: 73.8700%, weighted f1: 73.9740%
--------------------------
epoch: 44, lr: 9.944e-05, loss: 0.6725
164.0173662
              precision    recall  f1-score   support

       awake   0.750000  0.700000  0.724138        30
      diaper   0.809524  0.739130  0.772727        23
         hug   0.722222  0.812500  0.764706        32
      hungry   0.763158  0.763158  0.763158        38

    accuracy                       0.756098       123
   macro avg   0.761226  0.753697  0.756182       123
weighted avg   0.757969  0.756098  0.755833       123

[[21  3  0  6]
 [ 2 17  2  2]
 [ 5  0 26  1]
 [ 0  1  8 29]]
The best result ----------
WA: 75.6098%, UA: 75.3697%, macro f1: 75.6182%, weighted f1: 75.5833%
--------------------------
epoch: 45, lr: 9.447e-05, loss: 0.6224
167.9802777
              precision    recall  f1-score   support

       awake   0.666667  0.666667  0.666667        30
      diaper   0.833333  0.652174  0.731707        23
         hug   0.609756  0.781250  0.684932        32
      hungry   0.794118  0.710526  0.750000        38

    accuracy                       0.707317       123
   macro avg   0.725968  0.702654  0.708326       123
weighted avg   0.722401  0.707317  0.709326       123

[[20  2  4  4]
 [ 2 15  3  3]
 [ 7  0 25  0]
 [ 1  1  9 27]]
The best result ----------
WA: 75.6098%, UA: 75.3697%, macro f1: 75.6182%, weighted f1: 75.5833%
--------------------------
epoch: 46, lr: 8.974e-05, loss: 0.6348
172.1750274
              precision    recall  f1-score   support

       awake   0.581395  0.833333  0.684932        30
      diaper   0.894737  0.739130  0.809524        23
         hug   0.705882  0.750000  0.727273        32
      hungry   0.851852  0.605263  0.707692        38

    accuracy                       0.723577       123
   macro avg   0.758467  0.731932  0.732355       123
weighted avg   0.755930  0.723577  0.726277       123

[[25  1  0  4]
 [ 4 17  2  0]
 [ 8  0 24  0]
 [ 6  1  8 23]]
The best result ----------
WA: 75.6098%, UA: 75.3697%, macro f1: 75.6182%, weighted f1: 75.5833%
--------------------------
epoch: 47, lr: 8.526e-05, loss: 0.6383
176.17378060000001
              precision    recall  f1-score   support

       awake   0.739130  0.566667  0.641509        30
      diaper   0.772727  0.739130  0.755556        23
         hug   0.812500  0.812500  0.812500        32
      hungry   0.695652  0.842105  0.761905        38

    accuracy                       0.747967       123
   macro avg   0.755002  0.740101  0.742867       123
weighted avg   0.751068  0.747967  0.744516       123

[[17  3  0 10]
 [ 1 17  2  3]
 [ 5  0 26  1]
 [ 0  2  4 32]]
The best result ----------
WA: 75.6098%, UA: 75.3697%, macro f1: 75.6182%, weighted f1: 75.5833%
--------------------------
epoch: 48, lr: 8.099e-05, loss: 0.6734
180.03056020000002
              precision    recall  f1-score   support

       awake   0.655172  0.633333  0.644068        30
      diaper   0.800000  0.695652  0.744186        23
         hug   0.666667  0.812500  0.732394        32
      hungry   0.771429  0.710526  0.739726        38

    accuracy                       0.715447       123
   macro avg   0.723317  0.713003  0.715094       123
weighted avg   0.721161  0.715447  0.715321       123

[[19  3  3  5]
 [ 3 16  2  2]
 [ 5  0 26  1]
 [ 2  1  8 27]]
The best result ----------
WA: 75.6098%, UA: 75.3697%, macro f1: 75.6182%, weighted f1: 75.5833%
--------------------------
epoch: 49, lr: 7.694e-05, loss: 0.6551
184.12690800000004
              precision    recall  f1-score   support

       awake   0.631579  0.800000  0.705882        30
      diaper   0.842105  0.695652  0.761905        23
         hug   0.694444  0.781250  0.735294        32
      hungry   0.833333  0.657895  0.735294        38

    accuracy                       0.731707       123
   macro avg   0.750365  0.733699  0.734594       123
weighted avg   0.749632  0.731707  0.733096       123

[[24  2  1  3]
 [ 3 16  2  2]
 [ 7  0 25  0]
 [ 4  1  8 25]]
The best result ----------
WA: 75.6098%, UA: 75.3697%, macro f1: 75.6182%, weighted f1: 75.5833%
--------------------------
